{"C:\\Users\\Aureana\\Documents\\LABENU\\BACK-END\\PROJETOS\\Nova pasta\\LabEddit-back\\src\\types.ts": {"path":"C:\\Users\\Aureana\\Documents\\LABENU\\BACK-END\\PROJETOS\\Nova pasta\\LabEddit-back\\src\\types.ts","statementMap":{"0":{"start":{"line":1,"column":0},"end":{"line":1,"column":null}},"1":{"start":{"line":2,"column":4},"end":{"line":2,"column":null}},"2":{"start":{"line":3,"column":4},"end":{"line":3,"column":null}},"3":{"start":{"line":67,"column":0},"end":{"line":67,"column":null}},"4":{"start":{"line":68,"column":4},"end":{"line":68,"column":null}},"5":{"start":{"line":69,"column":4},"end":{"line":69,"column":null}},"6":{"start":{"line":108,"column":0},"end":{"line":108,"column":null}},"7":{"start":{"line":109,"column":4},"end":{"line":109,"column":null}},"8":{"start":{"line":110,"column":4},"end":{"line":110,"column":null}}},"fnMap":{"0":{"name":"(anonymous_0)","decl":{"start":{"line":1,"column":0},"end":{"line":1,"column":12}},"loc":{"start":{"line":1,"column":22},"end":{"line":4,"column":1}}},"1":{"name":"(anonymous_1)","decl":{"start":{"line":67,"column":0},"end":{"line":67,"column":12}},"loc":{"start":{"line":67,"column":21},"end":{"line":70,"column":1}}},"2":{"name":"(anonymous_2)","decl":{"start":{"line":108,"column":0},"end":{"line":108,"column":12}},"loc":{"start":{"line":108,"column":25},"end":{"line":111,"column":1}}}},"branchMap":{"0":{"loc":{"start":{"line":1,"column":12},"end":{"line":1,"column":null}},"type":"binary-expr","locations":[{"start":{"line":1,"column":12},"end":{"line":1,"column":22}},{"start":{"line":1,"column":12},"end":{"line":1,"column":null}}]},"1":{"loc":{"start":{"line":67,"column":12},"end":{"line":67,"column":null}},"type":"binary-expr","locations":[{"start":{"line":67,"column":12},"end":{"line":67,"column":21}},{"start":{"line":67,"column":12},"end":{"line":67,"column":null}}]},"2":{"loc":{"start":{"line":108,"column":12},"end":{"line":108,"column":null}},"type":"binary-expr","locations":[{"start":{"line":108,"column":12},"end":{"line":108,"column":25}},{"start":{"line":108,"column":12},"end":{"line":108,"column":null}}]}},"s":{"0":16,"1":16,"2":16,"3":16,"4":16,"5":16,"6":16,"7":16,"8":16},"f":{"0":16,"1":16,"2":16},"b":{"0":[16,16],"1":[16,16],"2":[16,16]}}
,"C:\\Users\\Aureana\\Documents\\LABENU\\BACK-END\\PROJETOS\\Nova pasta\\LabEddit-back\\src\\business\\CommentsBusiness.ts": {"path":"C:\\Users\\Aureana\\Documents\\LABENU\\BACK-END\\PROJETOS\\Nova pasta\\LabEddit-back\\src\\business\\CommentsBusiness.ts","statementMap":{"0":{"start":{"line":4,"column":0},"end":{"line":4,"column":59}},"1":{"start":{"line":5,"column":0},"end":{"line":5,"column":55}},"2":{"start":{"line":6,"column":0},"end":{"line":6,"column":50}},"3":{"start":{"line":9,"column":0},"end":{"line":9,"column":114}},"4":{"start":{"line":13,"column":16},"end":{"line":13,"column":50}},"5":{"start":{"line":14,"column":16},"end":{"line":14,"column":42}},"6":{"start":{"line":15,"column":16},"end":{"line":15,"column":40}},"7":{"start":{"line":16,"column":16},"end":{"line":16,"column":42}},"8":{"start":{"line":19,"column":11},"end":{"line":51,"column":null}},"9":{"start":{"line":19,"column":93},"end":{"line":51,"column":null}},"10":{"start":{"line":21,"column":26},"end":{"line":21,"column":31}},"11":{"start":{"line":23,"column":8},"end":{"line":25,"column":null}},"12":{"start":{"line":24,"column":12},"end":{"line":24,"column":null}},"13":{"start":{"line":27,"column":24},"end":{"line":27,"column":59}},"14":{"start":{"line":29,"column":8},"end":{"line":31,"column":null}},"15":{"start":{"line":30,"column":12},"end":{"line":30,"column":null}},"16":{"start":{"line":34,"column":12},"end":{"line":34,"column":65}},"17":{"start":{"line":36,"column":25},"end":{"line":47,"column":10}},"18":{"start":{"line":37,"column":28},"end":{"line":44,"column":null}},"19":{"start":{"line":46,"column":12},"end":{"line":46,"column":null}},"20":{"start":{"line":48,"column":45},"end":{"line":48,"column":53}},"21":{"start":{"line":50,"column":8},"end":{"line":50,"column":null}},"22":{"start":{"line":54,"column":11},"end":{"line":85,"column":null}},"23":{"start":{"line":54,"column":90},"end":{"line":85,"column":null}},"24":{"start":{"line":56,"column":38},"end":{"line":56,"column":43}},"25":{"start":{"line":58,"column":8},"end":{"line":60,"column":null}},"26":{"start":{"line":59,"column":12},"end":{"line":59,"column":null}},"27":{"start":{"line":62,"column":24},"end":{"line":62,"column":59}},"28":{"start":{"line":64,"column":8},"end":{"line":66,"column":null}},"29":{"start":{"line":65,"column":12},"end":{"line":65,"column":null}},"30":{"start":{"line":68,"column":27},"end":{"line":68,"column":83}},"31":{"start":{"line":70,"column":8},"end":{"line":72,"column":null}},"32":{"start":{"line":71,"column":12},"end":{"line":71,"column":null}},"33":{"start":{"line":74,"column":25},"end":{"line":82,"column":27}},"34":{"start":{"line":84,"column":8},"end":{"line":84,"column":null}},"35":{"start":{"line":87,"column":11},"end":{"line":127,"column":null}},"36":{"start":{"line":87,"column":83},"end":{"line":127,"column":null}},"37":{"start":{"line":88,"column":44},"end":{"line":88,"column":49}},"38":{"start":{"line":89,"column":8},"end":{"line":89,"column":27}},"39":{"start":{"line":91,"column":8},"end":{"line":93,"column":null}},"40":{"start":{"line":92,"column":12},"end":{"line":92,"column":null}},"41":{"start":{"line":95,"column":24},"end":{"line":95,"column":59}},"42":{"start":{"line":97,"column":8},"end":{"line":99,"column":null}},"43":{"start":{"line":98,"column":12},"end":{"line":98,"column":null}},"44":{"start":{"line":100,"column":8},"end":{"line":100,"column":29}},"45":{"start":{"line":102,"column":29},"end":{"line":102,"column":73}},"46":{"start":{"line":104,"column":8},"end":{"line":106,"column":null}},"47":{"start":{"line":105,"column":12},"end":{"line":105,"column":null}},"48":{"start":{"line":108,"column":8},"end":{"line":110,"column":null}},"49":{"start":{"line":109,"column":12},"end":{"line":109,"column":null}},"50":{"start":{"line":112,"column":22},"end":{"line":112,"column":49}},"51":{"start":{"line":114,"column":28},"end":{"line":121,"column":null}},"52":{"start":{"line":124,"column":30},"end":{"line":124,"column":53}},"53":{"start":{"line":126,"column":8},"end":{"line":126,"column":null}},"54":{"start":{"line":129,"column":11},"end":{"line":174,"column":null}},"55":{"start":{"line":129,"column":79},"end":{"line":174,"column":null}},"56":{"start":{"line":130,"column":46},"end":{"line":130,"column":51}},"57":{"start":{"line":132,"column":8},"end":{"line":134,"column":null}},"58":{"start":{"line":133,"column":12},"end":{"line":133,"column":null}},"59":{"start":{"line":136,"column":24},"end":{"line":136,"column":59}},"60":{"start":{"line":138,"column":8},"end":{"line":140,"column":null}},"61":{"start":{"line":139,"column":12},"end":{"line":139,"column":57}},"62":{"start":{"line":142,"column":8},"end":{"line":144,"column":null}},"63":{"start":{"line":143,"column":12},"end":{"line":143,"column":null}},"64":{"start":{"line":146,"column":30},"end":{"line":146,"column":84}},"65":{"start":{"line":148,"column":8},"end":{"line":150,"column":null}},"66":{"start":{"line":149,"column":12},"end":{"line":149,"column":null}},"67":{"start":{"line":152,"column":26},"end":{"line":152,"column":36}},"68":{"start":{"line":154,"column":8},"end":{"line":156,"column":null}},"69":{"start":{"line":155,"column":12},"end":{"line":155,"column":null}},"70":{"start":{"line":158,"column":24},"end":{"line":165,"column":null}},"71":{"start":{"line":168,"column":8},"end":{"line":168,"column":null}},"72":{"start":{"line":170,"column":34},"end":{"line":170,"column":53}},"73":{"start":{"line":172,"column":8},"end":{"line":172,"column":null}},"74":{"start":{"line":176,"column":11},"end":{"line":204,"column":null}},"75":{"start":{"line":176,"column":83},"end":{"line":204,"column":null}},"76":{"start":{"line":177,"column":38},"end":{"line":177,"column":43}},"77":{"start":{"line":179,"column":8},"end":{"line":181,"column":null}},"78":{"start":{"line":180,"column":12},"end":{"line":180,"column":null}},"79":{"start":{"line":183,"column":24},"end":{"line":183,"column":59}},"80":{"start":{"line":185,"column":8},"end":{"line":187,"column":null}},"81":{"start":{"line":186,"column":12},"end":{"line":186,"column":null}},"82":{"start":{"line":189,"column":33},"end":{"line":189,"column":89}},"83":{"start":{"line":191,"column":8},"end":{"line":193,"column":null}},"84":{"start":{"line":192,"column":12},"end":{"line":192,"column":null}},"85":{"start":{"line":195,"column":26},"end":{"line":195,"column":36}},"86":{"start":{"line":197,"column":8},"end":{"line":199,"column":null}},"87":{"start":{"line":198,"column":12},"end":{"line":198,"column":86}},"88":{"start":{"line":202,"column":8},"end":{"line":202,"column":null}},"89":{"start":{"line":206,"column":11},"end":{"line":281,"column":null}},"90":{"start":{"line":206,"column":97},"end":{"line":281,"column":null}},"91":{"start":{"line":207,"column":51},"end":{"line":207,"column":56}},"92":{"start":{"line":209,"column":8},"end":{"line":211,"column":null}},"93":{"start":{"line":210,"column":12},"end":{"line":210,"column":null}},"94":{"start":{"line":213,"column":24},"end":{"line":213,"column":59}},"95":{"start":{"line":215,"column":8},"end":{"line":217,"column":null}},"96":{"start":{"line":216,"column":12},"end":{"line":216,"column":null}},"97":{"start":{"line":219,"column":8},"end":{"line":221,"column":null}},"98":{"start":{"line":220,"column":12},"end":{"line":220,"column":null}},"99":{"start":{"line":223,"column":38},"end":{"line":223,"column":112}},"100":{"start":{"line":225,"column":8},"end":{"line":227,"column":null}},"101":{"start":{"line":226,"column":12},"end":{"line":226,"column":null}},"102":{"start":{"line":229,"column":23},"end":{"line":229,"column":33}},"103":{"start":{"line":230,"column":27},"end":{"line":230,"column":39}},"104":{"start":{"line":232,"column":53},"end":{"line":237,"column":null}},"105":{"start":{"line":239,"column":25},"end":{"line":246,"column":null}},"106":{"start":{"line":249,"column":34},"end":{"line":250,"column":43}},"107":{"start":{"line":252,"column":8},"end":{"line":276,"column":null}},"108":{"start":{"line":253,"column":12},"end":{"line":260,"column":null}},"109":{"start":{"line":254,"column":16},"end":{"line":254,"column":null}},"110":{"start":{"line":255,"column":16},"end":{"line":255,"column":null}},"111":{"start":{"line":257,"column":16},"end":{"line":257,"column":null}},"112":{"start":{"line":258,"column":16},"end":{"line":258,"column":null}},"113":{"start":{"line":259,"column":16},"end":{"line":259,"column":null}},"114":{"start":{"line":262,"column":15},"end":{"line":276,"column":null}},"115":{"start":{"line":263,"column":12},"end":{"line":270,"column":null}},"116":{"start":{"line":264,"column":16},"end":{"line":264,"column":null}},"117":{"start":{"line":265,"column":16},"end":{"line":265,"column":null}},"118":{"start":{"line":266,"column":16},"end":{"line":266,"column":null}},"119":{"start":{"line":268,"column":16},"end":{"line":268,"column":null}},"120":{"start":{"line":269,"column":16},"end":{"line":269,"column":null}},"121":{"start":{"line":273,"column":12},"end":{"line":273,"column":null}},"122":{"start":{"line":275,"column":12},"end":{"line":275,"column":null}},"123":{"start":{"line":278,"column":34},"end":{"line":278,"column":54}},"124":{"start":{"line":280,"column":8},"end":{"line":280,"column":null}},"125":{"start":{"line":11,"column":0},"end":{"line":11,"column":13}}},"fnMap":{"0":{"name":"(anonymous_7)","decl":{"start":{"line":12,"column":4},"end":{"line":12,"column":null}},"loc":{"start":{"line":16,"column":42},"end":{"line":17,"column":9}}},"1":{"name":"(anonymous_8)","decl":{"start":{"line":19,"column":25},"end":{"line":19,"column":32}},"loc":{"start":{"line":19,"column":93},"end":{"line":51,"column":null}}},"2":{"name":"(anonymous_9)","decl":{"start":{"line":19,"column":93},"end":{"line":19,"column":null}},"loc":{"start":{"line":19,"column":93},"end":{"line":51,"column":5}}},"3":{"name":"(anonymous_10)","decl":{"start":{"line":36,"column":52},"end":{"line":36,"column":53}},"loc":{"start":{"line":36,"column":78},"end":{"line":47,"column":9}}},"4":{"name":"(anonymous_11)","decl":{"start":{"line":54,"column":29},"end":{"line":54,"column":36}},"loc":{"start":{"line":54,"column":90},"end":{"line":85,"column":null}}},"5":{"name":"(anonymous_12)","decl":{"start":{"line":54,"column":90},"end":{"line":54,"column":null}},"loc":{"start":{"line":54,"column":90},"end":{"line":85,"column":5}}},"6":{"name":"(anonymous_13)","decl":{"start":{"line":87,"column":28},"end":{"line":87,"column":35}},"loc":{"start":{"line":87,"column":83},"end":{"line":127,"column":null}}},"7":{"name":"(anonymous_14)","decl":{"start":{"line":87,"column":83},"end":{"line":87,"column":null}},"loc":{"start":{"line":87,"column":83},"end":{"line":127,"column":5}}},"8":{"name":"(anonymous_15)","decl":{"start":{"line":129,"column":26},"end":{"line":129,"column":33}},"loc":{"start":{"line":129,"column":79},"end":{"line":174,"column":null}}},"9":{"name":"(anonymous_16)","decl":{"start":{"line":129,"column":79},"end":{"line":129,"column":null}},"loc":{"start":{"line":129,"column":79},"end":{"line":174,"column":5}}},"10":{"name":"(anonymous_17)","decl":{"start":{"line":176,"column":28},"end":{"line":176,"column":35}},"loc":{"start":{"line":176,"column":83},"end":{"line":204,"column":null}}},"11":{"name":"(anonymous_18)","decl":{"start":{"line":176,"column":83},"end":{"line":176,"column":null}},"loc":{"start":{"line":176,"column":83},"end":{"line":204,"column":5}}},"12":{"name":"(anonymous_19)","decl":{"start":{"line":206,"column":35},"end":{"line":206,"column":42}},"loc":{"start":{"line":206,"column":97},"end":{"line":281,"column":null}}},"13":{"name":"(anonymous_20)","decl":{"start":{"line":206,"column":97},"end":{"line":206,"column":null}},"loc":{"start":{"line":206,"column":97},"end":{"line":281,"column":5}}}},"branchMap":{"0":{"loc":{"start":{"line":23,"column":8},"end":{"line":25,"column":null}},"type":"if","locations":[{"start":{"line":23,"column":8},"end":{"line":25,"column":null}}]},"1":{"loc":{"start":{"line":29,"column":8},"end":{"line":31,"column":null}},"type":"if","locations":[{"start":{"line":29,"column":8},"end":{"line":31,"column":null}}]},"2":{"loc":{"start":{"line":58,"column":8},"end":{"line":60,"column":null}},"type":"if","locations":[{"start":{"line":58,"column":8},"end":{"line":60,"column":null}}]},"3":{"loc":{"start":{"line":64,"column":8},"end":{"line":66,"column":null}},"type":"if","locations":[{"start":{"line":64,"column":8},"end":{"line":66,"column":null}}]},"4":{"loc":{"start":{"line":70,"column":8},"end":{"line":72,"column":null}},"type":"if","locations":[{"start":{"line":70,"column":8},"end":{"line":72,"column":null}}]},"5":{"loc":{"start":{"line":91,"column":8},"end":{"line":93,"column":null}},"type":"if","locations":[{"start":{"line":91,"column":8},"end":{"line":93,"column":null}}]},"6":{"loc":{"start":{"line":97,"column":8},"end":{"line":99,"column":null}},"type":"if","locations":[{"start":{"line":97,"column":8},"end":{"line":99,"column":null}}]},"7":{"loc":{"start":{"line":104,"column":8},"end":{"line":106,"column":null}},"type":"if","locations":[{"start":{"line":104,"column":8},"end":{"line":106,"column":null}}]},"8":{"loc":{"start":{"line":108,"column":8},"end":{"line":110,"column":null}},"type":"if","locations":[{"start":{"line":108,"column":8},"end":{"line":110,"column":null}}]},"9":{"loc":{"start":{"line":132,"column":8},"end":{"line":134,"column":null}},"type":"if","locations":[{"start":{"line":132,"column":8},"end":{"line":134,"column":null}}]},"10":{"loc":{"start":{"line":138,"column":8},"end":{"line":140,"column":null}},"type":"if","locations":[{"start":{"line":138,"column":8},"end":{"line":140,"column":null}}]},"11":{"loc":{"start":{"line":142,"column":8},"end":{"line":144,"column":null}},"type":"if","locations":[{"start":{"line":142,"column":8},"end":{"line":144,"column":null}}]},"12":{"loc":{"start":{"line":148,"column":8},"end":{"line":150,"column":null}},"type":"if","locations":[{"start":{"line":148,"column":8},"end":{"line":150,"column":null}}]},"13":{"loc":{"start":{"line":154,"column":8},"end":{"line":156,"column":null}},"type":"if","locations":[{"start":{"line":154,"column":8},"end":{"line":156,"column":null}}]},"14":{"loc":{"start":{"line":179,"column":8},"end":{"line":181,"column":null}},"type":"if","locations":[{"start":{"line":179,"column":8},"end":{"line":181,"column":null}}]},"15":{"loc":{"start":{"line":185,"column":8},"end":{"line":187,"column":null}},"type":"if","locations":[{"start":{"line":185,"column":8},"end":{"line":187,"column":null}}]},"16":{"loc":{"start":{"line":191,"column":8},"end":{"line":193,"column":null}},"type":"if","locations":[{"start":{"line":191,"column":8},"end":{"line":193,"column":null}}]},"17":{"loc":{"start":{"line":197,"column":8},"end":{"line":199,"column":null}},"type":"if","locations":[{"start":{"line":197,"column":8},"end":{"line":199,"column":null}}]},"18":{"loc":{"start":{"line":197,"column":12},"end":{"line":197,"column":87}},"type":"binary-expr","locations":[{"start":{"line":197,"column":12},"end":{"line":197,"column":45}},{"start":{"line":197,"column":49},"end":{"line":197,"column":87}}]},"19":{"loc":{"start":{"line":209,"column":8},"end":{"line":211,"column":null}},"type":"if","locations":[{"start":{"line":209,"column":8},"end":{"line":211,"column":null}}]},"20":{"loc":{"start":{"line":215,"column":8},"end":{"line":217,"column":null}},"type":"if","locations":[{"start":{"line":215,"column":8},"end":{"line":217,"column":null}}]},"21":{"loc":{"start":{"line":219,"column":8},"end":{"line":221,"column":null}},"type":"if","locations":[{"start":{"line":219,"column":8},"end":{"line":221,"column":null}}]},"22":{"loc":{"start":{"line":225,"column":8},"end":{"line":227,"column":null}},"type":"if","locations":[{"start":{"line":225,"column":8},"end":{"line":227,"column":null}}]},"23":{"loc":{"start":{"line":230,"column":27},"end":{"line":230,"column":39}},"type":"cond-expr","locations":[{"start":{"line":230,"column":34},"end":{"line":230,"column":35}},{"start":{"line":230,"column":38},"end":{"line":230,"column":39}}]},"24":{"loc":{"start":{"line":252,"column":8},"end":{"line":276,"column":null}},"type":"if","locations":[{"start":{"line":252,"column":8},"end":{"line":276,"column":null}},{"start":{"line":262,"column":15},"end":{"line":276,"column":null}}]},"25":{"loc":{"start":{"line":253,"column":12},"end":{"line":260,"column":null}},"type":"if","locations":[{"start":{"line":253,"column":12},"end":{"line":260,"column":null}},{"start":{"line":256,"column":19},"end":{"line":260,"column":null}}]},"26":{"loc":{"start":{"line":262,"column":15},"end":{"line":276,"column":null}},"type":"if","locations":[{"start":{"line":262,"column":15},"end":{"line":276,"column":null}},{"start":{"line":272,"column":15},"end":{"line":276,"column":null}}]},"27":{"loc":{"start":{"line":263,"column":12},"end":{"line":270,"column":null}},"type":"if","locations":[{"start":{"line":263,"column":12},"end":{"line":270,"column":null}},{"start":{"line":267,"column":19},"end":{"line":270,"column":null}}]},"28":{"loc":{"start":{"line":275,"column":12},"end":{"line":275,"column":61}},"type":"cond-expr","locations":[{"start":{"line":275,"column":19},"end":{"line":275,"column":37}},{"start":{"line":275,"column":40},"end":{"line":275,"column":61}}]}},"s":{"0":5,"1":5,"2":5,"3":5,"4":5,"5":5,"6":5,"7":5,"8":5,"9":1,"10":1,"11":1,"12":1,"13":0,"14":0,"15":0,"16":0,"17":0,"18":0,"19":0,"20":0,"21":0,"22":5,"23":2,"24":2,"25":2,"26":1,"27":1,"28":1,"29":0,"30":1,"31":1,"32":0,"33":1,"34":1,"35":5,"36":4,"37":4,"38":4,"39":4,"40":1,"41":3,"42":3,"43":1,"44":2,"45":2,"46":2,"47":0,"48":2,"49":1,"50":1,"51":1,"52":1,"53":1,"54":5,"55":2,"56":2,"57":2,"58":1,"59":1,"60":1,"61":0,"62":1,"63":1,"64":0,"65":0,"66":0,"67":0,"68":0,"69":0,"70":0,"71":0,"72":0,"73":0,"74":5,"75":3,"76":3,"77":3,"78":1,"79":2,"80":2,"81":1,"82":1,"83":1,"84":0,"85":1,"86":1,"87":0,"88":1,"89":5,"90":0,"91":0,"92":0,"93":0,"94":0,"95":0,"96":0,"97":0,"98":0,"99":0,"100":0,"101":0,"102":0,"103":0,"104":0,"105":0,"106":0,"107":0,"108":0,"109":0,"110":0,"111":0,"112":0,"113":0,"114":0,"115":0,"116":0,"117":0,"118":0,"119":0,"120":0,"121":0,"122":0,"123":0,"124":0,"125":5},"f":{"0":5,"1":1,"2":1,"3":0,"4":2,"5":2,"6":4,"7":4,"8":2,"9":2,"10":3,"11":3,"12":0,"13":0},"b":{"0":[1],"1":[0],"2":[1],"3":[0],"4":[0],"5":[1],"6":[1],"7":[0],"8":[1],"9":[1],"10":[0],"11":[1],"12":[0],"13":[0],"14":[1],"15":[1],"16":[0],"17":[0],"18":[1,1],"19":[0],"20":[0],"21":[0],"22":[0],"23":[0,0],"24":[0,0],"25":[0,0],"26":[0,0],"27":[0,0],"28":[0,0]}}
,"C:\\Users\\Aureana\\Documents\\LABENU\\BACK-END\\PROJETOS\\Nova pasta\\LabEddit-back\\src\\business\\PostBusiness.ts": {"path":"C:\\Users\\Aureana\\Documents\\LABENU\\BACK-END\\PROJETOS\\Nova pasta\\LabEddit-back\\src\\business\\PostBusiness.ts","statementMap":{"0":{"start":{"line":1,"column":0},"end":{"line":1,"column":64}},"1":{"start":{"line":3,"column":0},"end":{"line":3,"column":56}},"2":{"start":{"line":5,"column":0},"end":{"line":5,"column":60}},"3":{"start":{"line":6,"column":0},"end":{"line":6,"column":56}},"4":{"start":{"line":7,"column":0},"end":{"line":7,"column":38}},"5":{"start":{"line":10,"column":0},"end":{"line":10,"column":83}},"6":{"start":{"line":14,"column":16},"end":{"line":14,"column":42}},"7":{"start":{"line":15,"column":16},"end":{"line":15,"column":40}},"8":{"start":{"line":16,"column":16},"end":{"line":16,"column":42}},"9":{"start":{"line":19,"column":11},"end":{"line":63,"column":null}},"10":{"start":{"line":21,"column":36},"end":{"line":63,"column":null}},"11":{"start":{"line":22,"column":26},"end":{"line":22,"column":31}},"12":{"start":{"line":24,"column":8},"end":{"line":26,"column":null}},"13":{"start":{"line":25,"column":12},"end":{"line":25,"column":null}},"14":{"start":{"line":28,"column":24},"end":{"line":28,"column":59}},"15":{"start":{"line":30,"column":8},"end":{"line":32,"column":null}},"16":{"start":{"line":31,"column":12},"end":{"line":31,"column":null}},"17":{"start":{"line":35,"column":12},"end":{"line":36,"column":39}},"18":{"start":{"line":39,"column":22},"end":{"line":56,"column":null}},"19":{"start":{"line":41,"column":29},"end":{"line":50,"column":null}},"20":{"start":{"line":54,"column":16},"end":{"line":54,"column":null}},"21":{"start":{"line":59,"column":42},"end":{"line":59,"column":47}},"22":{"start":{"line":61,"column":8},"end":{"line":61,"column":null}},"23":{"start":{"line":66,"column":11},"end":{"line":124,"column":null}},"24":{"start":{"line":66,"column":63},"end":{"line":124,"column":null}},"25":{"start":{"line":68,"column":26},"end":{"line":68,"column":31}},"26":{"start":{"line":69,"column":8},"end":{"line":69,"column":27}},"27":{"start":{"line":72,"column":8},"end":{"line":74,"column":null}},"28":{"start":{"line":73,"column":12},"end":{"line":73,"column":null}},"29":{"start":{"line":76,"column":24},"end":{"line":76,"column":59}},"30":{"start":{"line":78,"column":8},"end":{"line":80,"column":null}},"31":{"start":{"line":79,"column":12},"end":{"line":79,"column":null}},"32":{"start":{"line":82,"column":22},"end":{"line":82,"column":56}},"33":{"start":{"line":84,"column":29},"end":{"line":84,"column":47}},"34":{"start":{"line":86,"column":22},"end":{"line":86,"column":51}},"35":{"start":{"line":88,"column":33},"end":{"line":88,"column":55}},"36":{"start":{"line":90,"column":25},"end":{"line":90,"column":73}},"37":{"start":{"line":92,"column":27},"end":{"line":110,"column":10}},"38":{"start":{"line":94,"column":28},"end":{"line":96,"column":14}},"39":{"start":{"line":95,"column":16},"end":{"line":95,"column":null}},"40":{"start":{"line":97,"column":12},"end":{"line":97,"column":null}},"41":{"start":{"line":99,"column":12},"end":{"line":109,"column":null}},"42":{"start":{"line":113,"column":32},"end":{"line":115,"column":14}},"43":{"start":{"line":114,"column":16},"end":{"line":114,"column":null}},"44":{"start":{"line":117,"column":12},"end":{"line":120,"column":null}},"45":{"start":{"line":123,"column":8},"end":{"line":123,"column":null}},"46":{"start":{"line":128,"column":11},"end":{"line":164,"column":null}},"47":{"start":{"line":128,"column":78},"end":{"line":164,"column":null}},"48":{"start":{"line":129,"column":35},"end":{"line":129,"column":40}},"49":{"start":{"line":131,"column":8},"end":{"line":133,"column":null}},"50":{"start":{"line":132,"column":12},"end":{"line":132,"column":null}},"51":{"start":{"line":135,"column":24},"end":{"line":135,"column":59}},"52":{"start":{"line":137,"column":8},"end":{"line":139,"column":null}},"53":{"start":{"line":138,"column":12},"end":{"line":138,"column":null}},"54":{"start":{"line":141,"column":8},"end":{"line":143,"column":null}},"55":{"start":{"line":142,"column":12},"end":{"line":142,"column":null}},"56":{"start":{"line":145,"column":19},"end":{"line":145,"column":46}},"57":{"start":{"line":147,"column":24},"end":{"line":156,"column":null}},"58":{"start":{"line":159,"column":26},"end":{"line":159,"column":45}},"59":{"start":{"line":161,"column":8},"end":{"line":161,"column":null}},"60":{"start":{"line":163,"column":8},"end":{"line":163,"column":null}},"61":{"start":{"line":209,"column":11},"end":{"line":260,"column":null}},"62":{"start":{"line":211,"column":23},"end":{"line":260,"column":null}},"63":{"start":{"line":212,"column":45},"end":{"line":212,"column":50}},"64":{"start":{"line":214,"column":8},"end":{"line":216,"column":null}},"65":{"start":{"line":215,"column":12},"end":{"line":215,"column":null}},"66":{"start":{"line":218,"column":24},"end":{"line":218,"column":59}},"67":{"start":{"line":220,"column":8},"end":{"line":222,"column":null}},"68":{"start":{"line":221,"column":12},"end":{"line":221,"column":null}},"69":{"start":{"line":224,"column":8},"end":{"line":226,"column":null}},"70":{"start":{"line":225,"column":12},"end":{"line":225,"column":null}},"71":{"start":{"line":228,"column":23},"end":{"line":228,"column":69}},"72":{"start":{"line":230,"column":8},"end":{"line":232,"column":null}},"73":{"start":{"line":231,"column":12},"end":{"line":231,"column":null}},"74":{"start":{"line":234,"column":26},"end":{"line":234,"column":36}},"75":{"start":{"line":236,"column":8},"end":{"line":238,"column":null}},"76":{"start":{"line":237,"column":12},"end":{"line":237,"column":null}},"77":{"start":{"line":240,"column":28},"end":{"line":240,"column":40}},"78":{"start":{"line":242,"column":21},"end":{"line":251,"column":null}},"79":{"start":{"line":254,"column":8},"end":{"line":254,"column":null}},"80":{"start":{"line":255,"column":8},"end":{"line":255,"column":null}},"81":{"start":{"line":257,"column":30},"end":{"line":257,"column":46}},"82":{"start":{"line":259,"column":8},"end":{"line":259,"column":null}},"83":{"start":{"line":262,"column":11},"end":{"line":294,"column":null}},"84":{"start":{"line":264,"column":23},"end":{"line":294,"column":null}},"85":{"start":{"line":265,"column":38},"end":{"line":265,"column":43}},"86":{"start":{"line":267,"column":8},"end":{"line":269,"column":null}},"87":{"start":{"line":268,"column":12},"end":{"line":268,"column":null}},"88":{"start":{"line":271,"column":24},"end":{"line":271,"column":59}},"89":{"start":{"line":273,"column":8},"end":{"line":275,"column":null}},"90":{"start":{"line":274,"column":12},"end":{"line":274,"column":null}},"91":{"start":{"line":277,"column":23},"end":{"line":277,"column":71}},"92":{"start":{"line":279,"column":8},"end":{"line":281,"column":null}},"93":{"start":{"line":280,"column":12},"end":{"line":280,"column":null}},"94":{"start":{"line":283,"column":26},"end":{"line":283,"column":36}},"95":{"start":{"line":285,"column":8},"end":{"line":290,"column":null}},"96":{"start":{"line":289,"column":12},"end":{"line":289,"column":null}},"97":{"start":{"line":292,"column":8},"end":{"line":292,"column":null}},"98":{"start":{"line":296,"column":11},"end":{"line":375,"column":null}},"99":{"start":{"line":298,"column":23},"end":{"line":375,"column":null}},"100":{"start":{"line":299,"column":51},"end":{"line":299,"column":56}},"101":{"start":{"line":301,"column":8},"end":{"line":303,"column":null}},"102":{"start":{"line":302,"column":12},"end":{"line":302,"column":null}},"103":{"start":{"line":305,"column":24},"end":{"line":305,"column":59}},"104":{"start":{"line":307,"column":8},"end":{"line":309,"column":null}},"105":{"start":{"line":308,"column":12},"end":{"line":308,"column":null}},"106":{"start":{"line":311,"column":8},"end":{"line":313,"column":null}},"107":{"start":{"line":312,"column":12},"end":{"line":312,"column":null}},"108":{"start":{"line":315,"column":34},"end":{"line":316,"column":55}},"109":{"start":{"line":318,"column":8},"end":{"line":320,"column":null}},"110":{"start":{"line":319,"column":12},"end":{"line":319,"column":null}},"111":{"start":{"line":322,"column":23},"end":{"line":322,"column":33}},"112":{"start":{"line":323,"column":27},"end":{"line":323,"column":39}},"113":{"start":{"line":325,"column":45},"end":{"line":329,"column":null}},"114":{"start":{"line":331,"column":21},"end":{"line":340,"column":null}},"115":{"start":{"line":343,"column":34},"end":{"line":344,"column":43}},"116":{"start":{"line":346,"column":8},"end":{"line":370,"column":null}},"117":{"start":{"line":347,"column":12},"end":{"line":354,"column":null}},"118":{"start":{"line":348,"column":16},"end":{"line":348,"column":null}},"119":{"start":{"line":349,"column":16},"end":{"line":349,"column":null}},"120":{"start":{"line":351,"column":16},"end":{"line":351,"column":null}},"121":{"start":{"line":352,"column":16},"end":{"line":352,"column":null}},"122":{"start":{"line":353,"column":16},"end":{"line":353,"column":null}},"123":{"start":{"line":356,"column":15},"end":{"line":370,"column":null}},"124":{"start":{"line":357,"column":12},"end":{"line":364,"column":null}},"125":{"start":{"line":358,"column":16},"end":{"line":358,"column":null}},"126":{"start":{"line":359,"column":16},"end":{"line":359,"column":null}},"127":{"start":{"line":360,"column":16},"end":{"line":360,"column":null}},"128":{"start":{"line":362,"column":16},"end":{"line":362,"column":null}},"129":{"start":{"line":363,"column":16},"end":{"line":363,"column":null}},"130":{"start":{"line":367,"column":12},"end":{"line":367,"column":null}},"131":{"start":{"line":369,"column":12},"end":{"line":369,"column":null}},"132":{"start":{"line":372,"column":30},"end":{"line":372,"column":46}},"133":{"start":{"line":374,"column":8},"end":{"line":374,"column":null}},"134":{"start":{"line":12,"column":0},"end":{"line":12,"column":13}}},"fnMap":{"0":{"name":"(anonymous_7)","decl":{"start":{"line":13,"column":4},"end":{"line":13,"column":null}},"loc":{"start":{"line":16,"column":42},"end":{"line":17,"column":8}}},"1":{"name":"(anonymous_8)","decl":{"start":{"line":19,"column":22},"end":{"line":19,"column":null}},"loc":{"start":{"line":21,"column":36},"end":{"line":63,"column":null}}},"2":{"name":"(anonymous_9)","decl":{"start":{"line":21,"column":36},"end":{"line":21,"column":null}},"loc":{"start":{"line":21,"column":36},"end":{"line":63,"column":5}}},"3":{"name":"(anonymous_10)","decl":{"start":{"line":40,"column":12},"end":{"line":40,"column":13}},"loc":{"start":{"line":40,"column":34},"end":{"line":56,"column":13}}},"4":{"name":"(anonymous_11)","decl":{"start":{"line":66,"column":29},"end":{"line":66,"column":36}},"loc":{"start":{"line":66,"column":63},"end":{"line":124,"column":null}}},"5":{"name":"(anonymous_12)","decl":{"start":{"line":66,"column":63},"end":{"line":66,"column":null}},"loc":{"start":{"line":66,"column":63},"end":{"line":124,"column":5}}},"6":{"name":"(anonymous_13)","decl":{"start":{"line":92,"column":37},"end":{"line":92,"column":38}},"loc":{"start":{"line":92,"column":46},"end":{"line":110,"column":9}}},"7":{"name":"(anonymous_14)","decl":{"start":{"line":94,"column":44},"end":{"line":94,"column":45}},"loc":{"start":{"line":94,"column":57},"end":{"line":96,"column":13}}},"8":{"name":"resultUser","decl":{"start":{"line":112,"column":17},"end":{"line":112,"column":27}},"loc":{"start":{"line":112,"column":40},"end":{"line":121,"column":9}}},"9":{"name":"(anonymous_16)","decl":{"start":{"line":113,"column":43},"end":{"line":113,"column":44}},"loc":{"start":{"line":113,"column":54},"end":{"line":115,"column":13}}},"10":{"name":"(anonymous_17)","decl":{"start":{"line":128,"column":24},"end":{"line":128,"column":31}},"loc":{"start":{"line":128,"column":78},"end":{"line":164,"column":null}}},"11":{"name":"(anonymous_18)","decl":{"start":{"line":128,"column":78},"end":{"line":128,"column":null}},"loc":{"start":{"line":128,"column":78},"end":{"line":164,"column":5}}},"12":{"name":"(anonymous_19)","decl":{"start":{"line":209,"column":22},"end":{"line":209,"column":null}},"loc":{"start":{"line":211,"column":23},"end":{"line":260,"column":null}}},"13":{"name":"(anonymous_20)","decl":{"start":{"line":211,"column":23},"end":{"line":211,"column":null}},"loc":{"start":{"line":211,"column":23},"end":{"line":260,"column":5}}},"14":{"name":"(anonymous_21)","decl":{"start":{"line":262,"column":24},"end":{"line":262,"column":null}},"loc":{"start":{"line":264,"column":23},"end":{"line":294,"column":null}}},"15":{"name":"(anonymous_22)","decl":{"start":{"line":264,"column":23},"end":{"line":264,"column":null}},"loc":{"start":{"line":264,"column":23},"end":{"line":294,"column":5}}},"16":{"name":"(anonymous_23)","decl":{"start":{"line":296,"column":31},"end":{"line":296,"column":null}},"loc":{"start":{"line":298,"column":23},"end":{"line":375,"column":null}}},"17":{"name":"(anonymous_24)","decl":{"start":{"line":298,"column":23},"end":{"line":298,"column":null}},"loc":{"start":{"line":298,"column":23},"end":{"line":375,"column":5}}}},"branchMap":{"0":{"loc":{"start":{"line":24,"column":8},"end":{"line":26,"column":null}},"type":"if","locations":[{"start":{"line":24,"column":8},"end":{"line":26,"column":null}}]},"1":{"loc":{"start":{"line":30,"column":8},"end":{"line":32,"column":null}},"type":"if","locations":[{"start":{"line":30,"column":8},"end":{"line":32,"column":null}}]},"2":{"loc":{"start":{"line":72,"column":8},"end":{"line":74,"column":null}},"type":"if","locations":[{"start":{"line":72,"column":8},"end":{"line":74,"column":null}}]},"3":{"loc":{"start":{"line":78,"column":8},"end":{"line":80,"column":null}},"type":"if","locations":[{"start":{"line":78,"column":8},"end":{"line":80,"column":null}}]},"4":{"loc":{"start":{"line":118,"column":20},"end":{"line":118,"column":35}},"type":"cond-expr","locations":[{"start":{"line":118,"column":31},"end":{"line":118,"column":33}},{"start":{"line":118,"column":20},"end":{"line":118,"column":35}}]},"5":{"loc":{"start":{"line":118,"column":20},"end":{"line":118,"column":33}},"type":"binary-expr","locations":[{"start":{"line":118,"column":20},"end":{"line":118,"column":33}},{"start":{"line":118,"column":20},"end":{"line":118,"column":33}}]},"6":{"loc":{"start":{"line":119,"column":22},"end":{"line":119,"column":39}},"type":"cond-expr","locations":[{"start":{"line":119,"column":33},"end":{"line":119,"column":35}},{"start":{"line":119,"column":22},"end":{"line":119,"column":39}}]},"7":{"loc":{"start":{"line":119,"column":22},"end":{"line":119,"column":35}},"type":"binary-expr","locations":[{"start":{"line":119,"column":22},"end":{"line":119,"column":35}},{"start":{"line":119,"column":22},"end":{"line":119,"column":35}}]},"8":{"loc":{"start":{"line":131,"column":8},"end":{"line":133,"column":null}},"type":"if","locations":[{"start":{"line":131,"column":8},"end":{"line":133,"column":null}}]},"9":{"loc":{"start":{"line":137,"column":8},"end":{"line":139,"column":null}},"type":"if","locations":[{"start":{"line":137,"column":8},"end":{"line":139,"column":null}}]},"10":{"loc":{"start":{"line":141,"column":8},"end":{"line":143,"column":null}},"type":"if","locations":[{"start":{"line":141,"column":8},"end":{"line":143,"column":null}}]},"11":{"loc":{"start":{"line":214,"column":8},"end":{"line":216,"column":null}},"type":"if","locations":[{"start":{"line":214,"column":8},"end":{"line":216,"column":null}}]},"12":{"loc":{"start":{"line":220,"column":8},"end":{"line":222,"column":null}},"type":"if","locations":[{"start":{"line":220,"column":8},"end":{"line":222,"column":null}}]},"13":{"loc":{"start":{"line":224,"column":8},"end":{"line":226,"column":null}},"type":"if","locations":[{"start":{"line":224,"column":8},"end":{"line":226,"column":null}}]},"14":{"loc":{"start":{"line":230,"column":8},"end":{"line":232,"column":null}},"type":"if","locations":[{"start":{"line":230,"column":8},"end":{"line":232,"column":null}}]},"15":{"loc":{"start":{"line":236,"column":8},"end":{"line":238,"column":null}},"type":"if","locations":[{"start":{"line":236,"column":8},"end":{"line":238,"column":null}}]},"16":{"loc":{"start":{"line":267,"column":8},"end":{"line":269,"column":null}},"type":"if","locations":[{"start":{"line":267,"column":8},"end":{"line":269,"column":null}}]},"17":{"loc":{"start":{"line":273,"column":8},"end":{"line":275,"column":null}},"type":"if","locations":[{"start":{"line":273,"column":8},"end":{"line":275,"column":null}}]},"18":{"loc":{"start":{"line":279,"column":8},"end":{"line":281,"column":null}},"type":"if","locations":[{"start":{"line":279,"column":8},"end":{"line":281,"column":null}}]},"19":{"loc":{"start":{"line":285,"column":8},"end":{"line":290,"column":null}},"type":"if","locations":[{"start":{"line":285,"column":8},"end":{"line":290,"column":null}}]},"20":{"loc":{"start":{"line":286,"column":12},"end":{"line":287,"column":46}},"type":"binary-expr","locations":[{"start":{"line":286,"column":12},"end":{"line":286,"column":45}},{"start":{"line":287,"column":15},"end":{"line":287,"column":46}}]},"21":{"loc":{"start":{"line":301,"column":8},"end":{"line":303,"column":null}},"type":"if","locations":[{"start":{"line":301,"column":8},"end":{"line":303,"column":null}}]},"22":{"loc":{"start":{"line":307,"column":8},"end":{"line":309,"column":null}},"type":"if","locations":[{"start":{"line":307,"column":8},"end":{"line":309,"column":null}}]},"23":{"loc":{"start":{"line":311,"column":8},"end":{"line":313,"column":null}},"type":"if","locations":[{"start":{"line":311,"column":8},"end":{"line":313,"column":null}}]},"24":{"loc":{"start":{"line":318,"column":8},"end":{"line":320,"column":null}},"type":"if","locations":[{"start":{"line":318,"column":8},"end":{"line":320,"column":null}}]},"25":{"loc":{"start":{"line":323,"column":27},"end":{"line":323,"column":39}},"type":"cond-expr","locations":[{"start":{"line":323,"column":34},"end":{"line":323,"column":35}},{"start":{"line":323,"column":38},"end":{"line":323,"column":39}}]},"26":{"loc":{"start":{"line":346,"column":8},"end":{"line":370,"column":null}},"type":"if","locations":[{"start":{"line":346,"column":8},"end":{"line":370,"column":null}},{"start":{"line":356,"column":15},"end":{"line":370,"column":null}}]},"27":{"loc":{"start":{"line":347,"column":12},"end":{"line":354,"column":null}},"type":"if","locations":[{"start":{"line":347,"column":12},"end":{"line":354,"column":null}},{"start":{"line":350,"column":19},"end":{"line":354,"column":null}}]},"28":{"loc":{"start":{"line":356,"column":15},"end":{"line":370,"column":null}},"type":"if","locations":[{"start":{"line":356,"column":15},"end":{"line":370,"column":null}},{"start":{"line":366,"column":15},"end":{"line":370,"column":null}}]},"29":{"loc":{"start":{"line":357,"column":12},"end":{"line":364,"column":null}},"type":"if","locations":[{"start":{"line":357,"column":12},"end":{"line":364,"column":null}},{"start":{"line":361,"column":19},"end":{"line":364,"column":null}}]},"30":{"loc":{"start":{"line":369,"column":12},"end":{"line":369,"column":53}},"type":"cond-expr","locations":[{"start":{"line":369,"column":19},"end":{"line":369,"column":33}},{"start":{"line":369,"column":36},"end":{"line":369,"column":53}}]}},"s":{"0":6,"1":6,"2":6,"3":6,"4":6,"5":6,"6":6,"7":6,"8":6,"9":6,"10":2,"11":2,"12":2,"13":1,"14":1,"15":1,"16":0,"17":1,"18":1,"19":2,"20":2,"21":1,"22":1,"23":6,"24":2,"25":2,"26":2,"27":2,"28":1,"29":1,"30":1,"31":0,"32":1,"33":1,"34":1,"35":1,"36":1,"37":1,"38":2,"39":6,"40":2,"41":2,"42":2,"43":8,"44":2,"45":1,"46":6,"47":4,"48":4,"49":4,"50":1,"51":3,"52":3,"53":1,"54":2,"55":1,"56":1,"57":1,"58":1,"59":1,"60":1,"61":6,"62":2,"63":2,"64":2,"65":1,"66":1,"67":1,"68":0,"69":1,"70":1,"71":0,"72":0,"73":0,"74":0,"75":0,"76":0,"77":0,"78":0,"79":0,"80":0,"81":0,"82":0,"83":6,"84":3,"85":3,"86":3,"87":0,"88":3,"89":3,"90":1,"91":2,"92":2,"93":1,"94":1,"95":1,"96":0,"97":1,"98":6,"99":3,"100":3,"101":3,"102":1,"103":2,"104":2,"105":0,"106":2,"107":1,"108":1,"109":1,"110":0,"111":1,"112":1,"113":1,"114":1,"115":1,"116":1,"117":1,"118":1,"119":1,"120":0,"121":0,"122":0,"123":0,"124":0,"125":0,"126":0,"127":0,"128":0,"129":0,"130":0,"131":0,"132":1,"133":1,"134":6},"f":{"0":6,"1":2,"2":2,"3":2,"4":2,"5":2,"6":2,"7":6,"8":2,"9":8,"10":4,"11":4,"12":2,"13":2,"14":3,"15":3,"16":3,"17":3},"b":{"0":[1],"1":[0],"2":[1],"3":[0],"4":[2,0],"5":[2,2],"6":[2,0],"7":[2,2],"8":[1],"9":[1],"10":[1],"11":[1],"12":[0],"13":[1],"14":[0],"15":[0],"16":[0],"17":[1],"18":[1],"19":[0],"20":[1,0],"21":[1],"22":[0],"23":[1],"24":[0],"25":[1,0],"26":[1,0],"27":[1,0],"28":[0,0],"29":[0,0],"30":[0,0]}}
,"C:\\Users\\Aureana\\Documents\\LABENU\\BACK-END\\PROJETOS\\Nova pasta\\LabEddit-back\\src\\business\\UserBusiness.ts": {"path":"C:\\Users\\Aureana\\Documents\\LABENU\\BACK-END\\PROJETOS\\Nova pasta\\LabEddit-back\\src\\business\\UserBusiness.ts","statementMap":{"0":{"start":{"line":3,"column":0},"end":{"line":3,"column":60}},"1":{"start":{"line":4,"column":0},"end":{"line":4,"column":56}},"2":{"start":{"line":5,"column":0},"end":{"line":5,"column":38}},"3":{"start":{"line":9,"column":0},"end":{"line":9,"column":60}},"4":{"start":{"line":13,"column":16},"end":{"line":13,"column":42}},"5":{"start":{"line":14,"column":16},"end":{"line":14,"column":40}},"6":{"start":{"line":15,"column":16},"end":{"line":15,"column":42}},"7":{"start":{"line":16,"column":16},"end":{"line":16,"column":40}},"8":{"start":{"line":19,"column":11},"end":{"line":81,"column":null}},"9":{"start":{"line":19,"column":52},"end":{"line":81,"column":null}},"10":{"start":{"line":20,"column":42},"end":{"line":20,"column":47}},"11":{"start":{"line":23,"column":8},"end":{"line":25,"column":null}},"12":{"start":{"line":24,"column":12},"end":{"line":24,"column":null}},"13":{"start":{"line":27,"column":8},"end":{"line":29,"column":null}},"14":{"start":{"line":28,"column":12},"end":{"line":28,"column":null}},"15":{"start":{"line":31,"column":8},"end":{"line":33,"column":null}},"16":{"start":{"line":32,"column":12},"end":{"line":32,"column":null}},"17":{"start":{"line":35,"column":35},"end":{"line":35,"column":81}},"18":{"start":{"line":37,"column":8},"end":{"line":39,"column":null}},"19":{"start":{"line":38,"column":12},"end":{"line":38,"column":null}},"20":{"start":{"line":41,"column":19},"end":{"line":41,"column":46}},"21":{"start":{"line":43,"column":31},"end":{"line":43,"column":68}},"22":{"start":{"line":45,"column":21},"end":{"line":45,"column":38}},"23":{"start":{"line":46,"column":26},"end":{"line":46,"column":50}},"24":{"start":{"line":48,"column":24},"end":{"line":54,"column":null}},"25":{"start":{"line":57,"column":26},"end":{"line":64,"column":null}},"26":{"start":{"line":66,"column":8},"end":{"line":66,"column":null}},"27":{"start":{"line":68,"column":38},"end":{"line":72,"column":null}},"28":{"start":{"line":74,"column":22},"end":{"line":74,"column":60}},"29":{"start":{"line":76,"column":23},"end":{"line":78,"column":null}},"30":{"start":{"line":80,"column":8},"end":{"line":80,"column":null}},"31":{"start":{"line":83,"column":11},"end":{"line":131,"column":null}},"32":{"start":{"line":83,"column":75},"end":{"line":131,"column":null}},"33":{"start":{"line":84,"column":36},"end":{"line":84,"column":41}},"34":{"start":{"line":86,"column":8},"end":{"line":88,"column":null}},"35":{"start":{"line":87,"column":12},"end":{"line":87,"column":null}},"36":{"start":{"line":90,"column":8},"end":{"line":92,"column":null}},"37":{"start":{"line":91,"column":12},"end":{"line":91,"column":null}},"38":{"start":{"line":94,"column":43},"end":{"line":94,"column":89}},"39":{"start":{"line":96,"column":8},"end":{"line":98,"column":null}},"40":{"start":{"line":97,"column":12},"end":{"line":97,"column":null}},"41":{"start":{"line":100,"column":21},"end":{"line":106,"column":null}},"42":{"start":{"line":109,"column":31},"end":{"line":109,"column":49}},"43":{"start":{"line":111,"column":34},"end":{"line":112,"column":46}},"44":{"start":{"line":114,"column":8},"end":{"line":116,"column":null}},"45":{"start":{"line":115,"column":12},"end":{"line":115,"column":null}},"46":{"start":{"line":118,"column":38},"end":{"line":122,"column":null}},"47":{"start":{"line":124,"column":22},"end":{"line":124,"column":60}},"48":{"start":{"line":126,"column":39},"end":{"line":128,"column":null}},"49":{"start":{"line":130,"column":8},"end":{"line":130,"column":null}},"50":{"start":{"line":134,"column":7},"end":{"line":164,"column":null}},"51":{"start":{"line":134,"column":80},"end":{"line":164,"column":null}},"52":{"start":{"line":135,"column":22},"end":{"line":135,"column":27}},"53":{"start":{"line":137,"column":4},"end":{"line":139,"column":null}},"54":{"start":{"line":138,"column":8},"end":{"line":138,"column":null}},"55":{"start":{"line":141,"column":20},"end":{"line":141,"column":55}},"56":{"start":{"line":143,"column":4},"end":{"line":145,"column":null}},"57":{"start":{"line":144,"column":8},"end":{"line":144,"column":null}},"58":{"start":{"line":147,"column":20},"end":{"line":147,"column":54}},"59":{"start":{"line":149,"column":18},"end":{"line":159,"column":6}},"60":{"start":{"line":150,"column":21},"end":{"line":156,"column":null}},"61":{"start":{"line":158,"column":8},"end":{"line":158,"column":null}},"62":{"start":{"line":161,"column":38},"end":{"line":161,"column":43}},"63":{"start":{"line":163,"column":4},"end":{"line":163,"column":null}},"64":{"start":{"line":166,"column":7},"end":{"line":223,"column":null}},"65":{"start":{"line":166,"column":67},"end":{"line":223,"column":null}},"66":{"start":{"line":167,"column":49},"end":{"line":167,"column":54}},"67":{"start":{"line":169,"column":4},"end":{"line":171,"column":null}},"68":{"start":{"line":170,"column":8},"end":{"line":170,"column":null}},"69":{"start":{"line":173,"column":4},"end":{"line":175,"column":null}},"70":{"start":{"line":174,"column":8},"end":{"line":174,"column":null}},"71":{"start":{"line":181,"column":20},"end":{"line":181,"column":55}},"72":{"start":{"line":183,"column":4},"end":{"line":185,"column":null}},"73":{"start":{"line":184,"column":8},"end":{"line":184,"column":53}},"74":{"start":{"line":187,"column":4},"end":{"line":190,"column":null}},"75":{"start":{"line":188,"column":8},"end":{"line":189,"column":null}},"76":{"start":{"line":189,"column":12},"end":{"line":189,"column":null}},"77":{"start":{"line":192,"column":4},"end":{"line":195,"column":null}},"78":{"start":{"line":193,"column":8},"end":{"line":194,"column":null}},"79":{"start":{"line":194,"column":12},"end":{"line":194,"column":null}},"80":{"start":{"line":197,"column":22},"end":{"line":197,"column":68}},"81":{"start":{"line":199,"column":4},"end":{"line":201,"column":null}},"82":{"start":{"line":200,"column":8},"end":{"line":200,"column":null}},"83":{"start":{"line":203,"column":17},"end":{"line":209,"column":null}},"84":{"start":{"line":212,"column":4},"end":{"line":214,"column":null}},"85":{"start":{"line":213,"column":8},"end":{"line":213,"column":null}},"86":{"start":{"line":216,"column":4},"end":{"line":218,"column":null}},"87":{"start":{"line":217,"column":8},"end":{"line":217,"column":null}},"88":{"start":{"line":220,"column":26},"end":{"line":220,"column":42}},"89":{"start":{"line":222,"column":4},"end":{"line":222,"column":null}},"90":{"start":{"line":225,"column":7},"end":{"line":253,"column":null}},"91":{"start":{"line":225,"column":74},"end":{"line":253,"column":null}},"92":{"start":{"line":226,"column":34},"end":{"line":226,"column":39}},"93":{"start":{"line":228,"column":4},"end":{"line":230,"column":null}},"94":{"start":{"line":229,"column":8},"end":{"line":229,"column":null}},"95":{"start":{"line":232,"column":20},"end":{"line":232,"column":55}},"96":{"start":{"line":234,"column":4},"end":{"line":236,"column":null}},"97":{"start":{"line":235,"column":8},"end":{"line":235,"column":null}},"98":{"start":{"line":238,"column":25},"end":{"line":238,"column":73}},"99":{"start":{"line":240,"column":4},"end":{"line":242,"column":null}},"100":{"start":{"line":241,"column":8},"end":{"line":241,"column":51}},"101":{"start":{"line":244,"column":22},"end":{"line":244,"column":32}},"102":{"start":{"line":246,"column":4},"end":{"line":248,"column":null}},"103":{"start":{"line":247,"column":8},"end":{"line":247,"column":90}},"104":{"start":{"line":250,"column":4},"end":{"line":250,"column":null}},"105":{"start":{"line":252,"column":4},"end":{"line":252,"column":null}},"106":{"start":{"line":11,"column":0},"end":{"line":11,"column":13}}},"fnMap":{"0":{"name":"(anonymous_7)","decl":{"start":{"line":12,"column":4},"end":{"line":12,"column":null}},"loc":{"start":{"line":16,"column":40},"end":{"line":17,"column":8}}},"1":{"name":"(anonymous_8)","decl":{"start":{"line":19,"column":20},"end":{"line":19,"column":27}},"loc":{"start":{"line":19,"column":52},"end":{"line":81,"column":null}}},"2":{"name":"(anonymous_9)","decl":{"start":{"line":19,"column":52},"end":{"line":19,"column":null}},"loc":{"start":{"line":19,"column":52},"end":{"line":81,"column":5}}},"3":{"name":"(anonymous_10)","decl":{"start":{"line":83,"column":19},"end":{"line":83,"column":26}},"loc":{"start":{"line":83,"column":75},"end":{"line":131,"column":null}}},"4":{"name":"(anonymous_11)","decl":{"start":{"line":83,"column":75},"end":{"line":83,"column":null}},"loc":{"start":{"line":83,"column":75},"end":{"line":131,"column":5}}},"5":{"name":"(anonymous_12)","decl":{"start":{"line":134,"column":18},"end":{"line":134,"column":25}},"loc":{"start":{"line":134,"column":80},"end":{"line":164,"column":null}}},"6":{"name":"(anonymous_13)","decl":{"start":{"line":134,"column":80},"end":{"line":134,"column":null}},"loc":{"start":{"line":134,"column":80},"end":{"line":164,"column":1}}},"7":{"name":"(anonymous_14)","decl":{"start":{"line":149,"column":30},"end":{"line":149,"column":31}},"loc":{"start":{"line":149,"column":41},"end":{"line":159,"column":5}}},"8":{"name":"(anonymous_15)","decl":{"start":{"line":166,"column":18},"end":{"line":166,"column":25}},"loc":{"start":{"line":166,"column":67},"end":{"line":223,"column":null}}},"9":{"name":"(anonymous_16)","decl":{"start":{"line":166,"column":67},"end":{"line":166,"column":null}},"loc":{"start":{"line":166,"column":67},"end":{"line":223,"column":1}}},"10":{"name":"(anonymous_17)","decl":{"start":{"line":225,"column":20},"end":{"line":225,"column":27}},"loc":{"start":{"line":225,"column":74},"end":{"line":253,"column":null}}},"11":{"name":"(anonymous_18)","decl":{"start":{"line":225,"column":74},"end":{"line":225,"column":null}},"loc":{"start":{"line":225,"column":74},"end":{"line":253,"column":1}}}},"branchMap":{"0":{"loc":{"start":{"line":23,"column":8},"end":{"line":25,"column":null}},"type":"if","locations":[{"start":{"line":23,"column":8},"end":{"line":25,"column":null}}]},"1":{"loc":{"start":{"line":27,"column":8},"end":{"line":29,"column":null}},"type":"if","locations":[{"start":{"line":27,"column":8},"end":{"line":29,"column":null}}]},"2":{"loc":{"start":{"line":31,"column":8},"end":{"line":33,"column":null}},"type":"if","locations":[{"start":{"line":31,"column":8},"end":{"line":33,"column":null}}]},"3":{"loc":{"start":{"line":37,"column":8},"end":{"line":39,"column":null}},"type":"if","locations":[{"start":{"line":37,"column":8},"end":{"line":39,"column":null}}]},"4":{"loc":{"start":{"line":86,"column":8},"end":{"line":88,"column":null}},"type":"if","locations":[{"start":{"line":86,"column":8},"end":{"line":88,"column":null}}]},"5":{"loc":{"start":{"line":90,"column":8},"end":{"line":92,"column":null}},"type":"if","locations":[{"start":{"line":90,"column":8},"end":{"line":92,"column":null}}]},"6":{"loc":{"start":{"line":96,"column":8},"end":{"line":98,"column":null}},"type":"if","locations":[{"start":{"line":96,"column":8},"end":{"line":98,"column":null}}]},"7":{"loc":{"start":{"line":114,"column":8},"end":{"line":116,"column":null}},"type":"if","locations":[{"start":{"line":114,"column":8},"end":{"line":116,"column":null}}]},"8":{"loc":{"start":{"line":137,"column":4},"end":{"line":139,"column":null}},"type":"if","locations":[{"start":{"line":137,"column":4},"end":{"line":139,"column":null}}]},"9":{"loc":{"start":{"line":143,"column":4},"end":{"line":145,"column":null}},"type":"if","locations":[{"start":{"line":143,"column":4},"end":{"line":145,"column":null}}]},"10":{"loc":{"start":{"line":169,"column":4},"end":{"line":171,"column":null}},"type":"if","locations":[{"start":{"line":169,"column":4},"end":{"line":171,"column":null}}]},"11":{"loc":{"start":{"line":173,"column":4},"end":{"line":175,"column":null}},"type":"if","locations":[{"start":{"line":173,"column":4},"end":{"line":175,"column":null}}]},"12":{"loc":{"start":{"line":183,"column":4},"end":{"line":185,"column":null}},"type":"if","locations":[{"start":{"line":183,"column":4},"end":{"line":185,"column":null}}]},"13":{"loc":{"start":{"line":187,"column":4},"end":{"line":190,"column":null}},"type":"if","locations":[{"start":{"line":187,"column":4},"end":{"line":190,"column":null}}]},"14":{"loc":{"start":{"line":188,"column":8},"end":{"line":189,"column":null}},"type":"if","locations":[{"start":{"line":188,"column":8},"end":{"line":189,"column":null}}]},"15":{"loc":{"start":{"line":192,"column":4},"end":{"line":195,"column":null}},"type":"if","locations":[{"start":{"line":192,"column":4},"end":{"line":195,"column":null}}]},"16":{"loc":{"start":{"line":193,"column":8},"end":{"line":194,"column":null}},"type":"if","locations":[{"start":{"line":193,"column":8},"end":{"line":194,"column":null}}]},"17":{"loc":{"start":{"line":199,"column":4},"end":{"line":201,"column":null}},"type":"if","locations":[{"start":{"line":199,"column":4},"end":{"line":201,"column":null}}]},"18":{"loc":{"start":{"line":212,"column":4},"end":{"line":214,"column":null}},"type":"if","locations":[{"start":{"line":212,"column":4},"end":{"line":214,"column":null}}]},"19":{"loc":{"start":{"line":216,"column":4},"end":{"line":218,"column":null}},"type":"if","locations":[{"start":{"line":216,"column":4},"end":{"line":218,"column":null}}]},"20":{"loc":{"start":{"line":228,"column":4},"end":{"line":230,"column":null}},"type":"if","locations":[{"start":{"line":228,"column":4},"end":{"line":230,"column":null}}]},"21":{"loc":{"start":{"line":234,"column":4},"end":{"line":236,"column":null}},"type":"if","locations":[{"start":{"line":234,"column":4},"end":{"line":236,"column":null}}]},"22":{"loc":{"start":{"line":240,"column":4},"end":{"line":242,"column":null}},"type":"if","locations":[{"start":{"line":240,"column":4},"end":{"line":242,"column":null}}]},"23":{"loc":{"start":{"line":246,"column":4},"end":{"line":248,"column":null}},"type":"if","locations":[{"start":{"line":246,"column":4},"end":{"line":248,"column":null}}]},"24":{"loc":{"start":{"line":246,"column":8},"end":{"line":246,"column":74}},"type":"binary-expr","locations":[{"start":{"line":246,"column":8},"end":{"line":246,"column":41}},{"start":{"line":246,"column":45},"end":{"line":246,"column":74}}]}},"s":{"0":5,"1":5,"2":5,"3":5,"4":5,"5":5,"6":5,"7":5,"8":5,"9":5,"10":5,"11":5,"12":1,"13":4,"14":1,"15":3,"16":1,"17":2,"18":2,"19":1,"20":1,"21":1,"22":1,"23":1,"24":1,"25":1,"26":1,"27":1,"28":1,"29":1,"30":1,"31":5,"32":5,"33":5,"34":5,"35":1,"36":4,"37":0,"38":4,"39":4,"40":1,"41":3,"42":3,"43":3,"44":3,"45":1,"46":2,"47":2,"48":2,"49":2,"50":5,"51":1,"52":1,"53":1,"54":0,"55":1,"56":1,"57":0,"58":1,"59":1,"60":2,"61":2,"62":1,"63":1,"64":5,"65":3,"66":3,"67":3,"68":1,"69":2,"70":1,"71":1,"72":1,"73":0,"74":1,"75":1,"76":0,"77":1,"78":0,"79":0,"80":1,"81":1,"82":0,"83":1,"84":1,"85":0,"86":1,"87":1,"88":1,"89":1,"90":5,"91":4,"92":4,"93":4,"94":0,"95":4,"96":4,"97":1,"98":3,"99":3,"100":1,"101":2,"102":2,"103":1,"104":1,"105":1,"106":5},"f":{"0":5,"1":5,"2":5,"3":5,"4":5,"5":1,"6":1,"7":2,"8":3,"9":3,"10":4,"11":4},"b":{"0":[1],"1":[1],"2":[1],"3":[1],"4":[1],"5":[0],"6":[1],"7":[1],"8":[0],"9":[0],"10":[1],"11":[1],"12":[0],"13":[1],"14":[0],"15":[0],"16":[0],"17":[0],"18":[0],"19":[1],"20":[0],"21":[1],"22":[1],"23":[1],"24":[2,1]}}
,"C:\\Users\\Aureana\\Documents\\LABENU\\BACK-END\\PROJETOS\\Nova pasta\\LabEddit-back\\src\\database\\BaseDatabase.ts": {"path":"C:\\Users\\Aureana\\Documents\\LABENU\\BACK-END\\PROJETOS\\Nova pasta\\LabEddit-back\\src\\database\\BaseDatabase.ts","statementMap":{"0":{"start":{"line":1,"column":0},"end":{"line":1,"column":27}},"1":{"start":{"line":2,"column":0},"end":{"line":2,"column":27}},"2":{"start":{"line":4,"column":0},"end":{"line":4,"column":null}},"3":{"start":{"line":6,"column":0},"end":{"line":6,"column":22}},"4":{"start":{"line":7,"column":21},"end":{"line":20,"column":null}},"5":{"start":{"line":17,"column":16},"end":{"line":17,"column":null}}},"fnMap":{"0":{"name":"(anonymous_1)","decl":{"start":{"line":16,"column":25},"end":{"line":16,"column":26}},"loc":{"start":{"line":16,"column":48},"end":{"line":18,"column":13}}}},"branchMap":{},"s":{"0":16,"1":16,"2":16,"3":16,"4":16,"5":1},"f":{"0":1},"b":{}}
,"C:\\Users\\Aureana\\Documents\\LABENU\\BACK-END\\PROJETOS\\Nova pasta\\LabEddit-back\\src\\database\\CommentsDatabase.ts": {"path":"C:\\Users\\Aureana\\Documents\\LABENU\\BACK-END\\PROJETOS\\Nova pasta\\LabEddit-back\\src\\database\\CommentsDatabase.ts","statementMap":{"0":{"start":{"line":1,"column":0},"end":{"line":1,"column":99}},"1":{"start":{"line":2,"column":0},"end":{"line":2,"column":46}},"2":{"start":{"line":22,"column":11},"end":{"line":38,"column":null}},"3":{"start":{"line":22,"column":82},"end":{"line":38,"column":null}},"4":{"start":{"line":23,"column":48},"end":{"line":35,"column":63}},"5":{"start":{"line":37,"column":8},"end":{"line":37,"column":null}},"6":{"start":{"line":40,"column":11},"end":{"line":59,"column":null}},"7":{"start":{"line":42,"column":52},"end":{"line":59,"column":null}},"8":{"start":{"line":43,"column":48},"end":{"line":56,"column":45}},"9":{"start":{"line":58,"column":8},"end":{"line":58,"column":null}},"10":{"start":{"line":81,"column":11},"end":{"line":100,"column":null}},"11":{"start":{"line":83,"column":52},"end":{"line":100,"column":null}},"12":{"start":{"line":84,"column":48},"end":{"line":97,"column":45}},"13":{"start":{"line":99,"column":8},"end":{"line":99,"column":null}},"14":{"start":{"line":102,"column":11},"end":{"line":106,"column":null}},"15":{"start":{"line":102,"column":95},"end":{"line":106,"column":null}},"16":{"start":{"line":103,"column":8},"end":{"line":105,"column":null}},"17":{"start":{"line":108,"column":11},"end":{"line":126,"column":null}},"18":{"start":{"line":108,"column":113},"end":{"line":126,"column":null}},"19":{"start":{"line":109,"column":57},"end":{"line":116,"column":14}},"20":{"start":{"line":118,"column":8},"end":{"line":125,"column":null}},"21":{"start":{"line":119,"column":12},"end":{"line":121,"column":null}},"22":{"start":{"line":124,"column":12},"end":{"line":124,"column":null}},"23":{"start":{"line":128,"column":11},"end":{"line":137,"column":null}},"24":{"start":{"line":128,"column":93},"end":{"line":137,"column":null}},"25":{"start":{"line":129,"column":8},"end":{"line":136,"column":null}},"26":{"start":{"line":139,"column":11},"end":{"line":148,"column":null}},"27":{"start":{"line":139,"column":78},"end":{"line":148,"column":null}},"28":{"start":{"line":140,"column":8},"end":{"line":147,"column":null}},"29":{"start":{"line":11,"column":37},"end":{"line":14,"column":26}},"30":{"start":{"line":16,"column":12},"end":{"line":16,"column":null}},"31":{"start":{"line":17,"column":12},"end":{"line":17,"column":null}},"32":{"start":{"line":19,"column":8},"end":{"line":19,"column":null}},"33":{"start":{"line":62,"column":8},"end":{"line":64,"column":null}},"34":{"start":{"line":68,"column":8},"end":{"line":71,"column":null}},"35":{"start":{"line":75,"column":8},"end":{"line":78,"column":null}},"36":{"start":{"line":4,"column":0},"end":{"line":4,"column":13}},"37":{"start":{"line":6,"column":18},"end":{"line":6,"column":null}},"38":{"start":{"line":7,"column":18},"end":{"line":7,"column":null}},"39":{"start":{"line":8,"column":18},"end":{"line":8,"column":null}}},"fnMap":{"0":{"name":"(anonymous_7)","decl":{"start":{"line":4,"column":0},"end":{"line":4,"column":13}},"loc":{"start":{"line":4,"column":0},"end":{"line":150,"column":1}}},"1":{"name":"(anonymous_8)","decl":{"start":{"line":22,"column":37},"end":{"line":22,"column":80}},"loc":{"start":{"line":22,"column":82},"end":{"line":38,"column":null}}},"2":{"name":"(anonymous_9)","decl":{"start":{"line":22,"column":82},"end":{"line":22,"column":null}},"loc":{"start":{"line":22,"column":82},"end":{"line":38,"column":5}}},"3":{"name":"(anonymous_10)","decl":{"start":{"line":40,"column":36},"end":{"line":40,"column":null}},"loc":{"start":{"line":42,"column":52},"end":{"line":59,"column":null}}},"4":{"name":"(anonymous_11)","decl":{"start":{"line":42,"column":52},"end":{"line":42,"column":null}},"loc":{"start":{"line":42,"column":52},"end":{"line":59,"column":5}}},"5":{"name":"(anonymous_12)","decl":{"start":{"line":81,"column":41},"end":{"line":81,"column":null}},"loc":{"start":{"line":83,"column":52},"end":{"line":100,"column":null}}},"6":{"name":"(anonymous_13)","decl":{"start":{"line":83,"column":52},"end":{"line":83,"column":null}},"loc":{"start":{"line":83,"column":52},"end":{"line":100,"column":5}}},"7":{"name":"(anonymous_14)","decl":{"start":{"line":102,"column":35},"end":{"line":102,"column":42}},"loc":{"start":{"line":102,"column":95},"end":{"line":106,"column":null}}},"8":{"name":"(anonymous_15)","decl":{"start":{"line":102,"column":95},"end":{"line":102,"column":null}},"loc":{"start":{"line":102,"column":95},"end":{"line":106,"column":5}}},"9":{"name":"(anonymous_16)","decl":{"start":{"line":108,"column":29},"end":{"line":108,"column":36}},"loc":{"start":{"line":108,"column":113},"end":{"line":126,"column":null}}},"10":{"name":"(anonymous_17)","decl":{"start":{"line":108,"column":113},"end":{"line":108,"column":null}},"loc":{"start":{"line":108,"column":113},"end":{"line":126,"column":5}}},"11":{"name":"(anonymous_18)","decl":{"start":{"line":128,"column":31},"end":{"line":128,"column":38}},"loc":{"start":{"line":128,"column":93},"end":{"line":137,"column":null}}},"12":{"name":"(anonymous_19)","decl":{"start":{"line":128,"column":93},"end":{"line":128,"column":null}},"loc":{"start":{"line":128,"column":93},"end":{"line":137,"column":5}}},"13":{"name":"(anonymous_20)","decl":{"start":{"line":139,"column":31},"end":{"line":139,"column":38}},"loc":{"start":{"line":139,"column":78},"end":{"line":148,"column":null}}},"14":{"name":"(anonymous_21)","decl":{"start":{"line":139,"column":78},"end":{"line":139,"column":null}},"loc":{"start":{"line":139,"column":78},"end":{"line":148,"column":5}}},"15":{"name":"(anonymous_22)","decl":{"start":{"line":10,"column":17},"end":{"line":10,"column":33}},"loc":{"start":{"line":10,"column":44},"end":{"line":20,"column":null}}},"16":{"name":"(anonymous_24)","decl":{"start":{"line":61,"column":17},"end":{"line":61,"column":31}},"loc":{"start":{"line":61,"column":57},"end":{"line":65,"column":null}}},"17":{"name":"(anonymous_26)","decl":{"start":{"line":67,"column":17},"end":{"line":67,"column":31}},"loc":{"start":{"line":67,"column":69},"end":{"line":72,"column":null}}},"18":{"name":"(anonymous_28)","decl":{"start":{"line":74,"column":17},"end":{"line":74,"column":31}},"loc":{"start":{"line":74,"column":42},"end":{"line":79,"column":null}}}},"branchMap":{"0":{"loc":{"start":{"line":118,"column":8},"end":{"line":125,"column":null}},"type":"if","locations":[{"start":{"line":118,"column":8},"end":{"line":125,"column":null}},{"start":{"line":123,"column":15},"end":{"line":125,"column":null}}]},"1":{"loc":{"start":{"line":119,"column":19},"end":{"line":121,"column":48}},"type":"cond-expr","locations":[{"start":{"line":120,"column":18},"end":{"line":120,"column":45}},{"start":{"line":121,"column":18},"end":{"line":121,"column":48}}]}},"s":{"0":6,"1":6,"2":1,"3":1,"4":1,"5":1,"6":1,"7":0,"8":0,"9":0,"10":1,"11":0,"12":0,"13":0,"14":1,"15":0,"16":0,"17":1,"18":0,"19":0,"20":0,"21":0,"22":0,"23":1,"24":0,"25":0,"26":1,"27":0,"28":0,"29":0,"30":0,"31":0,"32":0,"33":0,"34":0,"35":0,"36":6,"37":6,"38":6,"39":6},"f":{"0":1,"1":1,"2":1,"3":0,"4":0,"5":0,"6":0,"7":0,"8":0,"9":0,"10":0,"11":0,"12":0,"13":0,"14":0,"15":0,"16":0,"17":0,"18":0},"b":{"0":[0,0],"1":[0,0]}}
,"C:\\Users\\Aureana\\Documents\\LABENU\\BACK-END\\PROJETOS\\Nova pasta\\LabEddit-back\\src\\database\\UserDatabase.ts": {"path":"C:\\Users\\Aureana\\Documents\\LABENU\\BACK-END\\PROJETOS\\Nova pasta\\LabEddit-back\\src\\database\\UserDatabase.ts","statementMap":{"0":{"start":{"line":2,"column":0},"end":{"line":2,"column":46}},"1":{"start":{"line":8,"column":11},"end":{"line":15,"column":null}},"2":{"start":{"line":8,"column":82},"end":{"line":15,"column":null}},"3":{"start":{"line":9,"column":33},"end":{"line":12,"column":29}},"4":{"start":{"line":14,"column":8},"end":{"line":14,"column":null}},"5":{"start":{"line":17,"column":11},"end":{"line":24,"column":null}},"6":{"start":{"line":17,"column":76},"end":{"line":24,"column":null}},"7":{"start":{"line":18,"column":33},"end":{"line":21,"column":26}},"8":{"start":{"line":23,"column":8},"end":{"line":23,"column":null}},"9":{"start":{"line":26,"column":11},"end":{"line":30,"column":null}},"10":{"start":{"line":26,"column":64},"end":{"line":30,"column":null}},"11":{"start":{"line":27,"column":8},"end":{"line":29,"column":null}},"12":{"start":{"line":32,"column":11},"end":{"line":38,"column":null}},"13":{"start":{"line":32,"column":52},"end":{"line":38,"column":null}},"14":{"start":{"line":33,"column":37},"end":{"line":35,"column":25}},"15":{"start":{"line":37,"column":12},"end":{"line":37,"column":null}},"16":{"start":{"line":40,"column":11},"end":{"line":45,"column":null}},"17":{"start":{"line":40,"column":77},"end":{"line":45,"column":null}},"18":{"start":{"line":41,"column":8},"end":{"line":44,"column":null}},"19":{"start":{"line":47,"column":11},"end":{"line":52,"column":null}},"20":{"start":{"line":47,"column":60},"end":{"line":52,"column":null}},"21":{"start":{"line":48,"column":8},"end":{"line":51,"column":null}},"22":{"start":{"line":4,"column":0},"end":{"line":4,"column":13}},"23":{"start":{"line":5,"column":18},"end":{"line":5,"column":null}}},"fnMap":{"0":{"name":"(anonymous_7)","decl":{"start":{"line":4,"column":0},"end":{"line":4,"column":13}},"loc":{"start":{"line":4,"column":0},"end":{"line":53,"column":1}}},"1":{"name":"(anonymous_8)","decl":{"start":{"line":8,"column":29},"end":{"line":8,"column":36}},"loc":{"start":{"line":8,"column":82},"end":{"line":15,"column":null}}},"2":{"name":"(anonymous_9)","decl":{"start":{"line":8,"column":82},"end":{"line":8,"column":null}},"loc":{"start":{"line":8,"column":82},"end":{"line":15,"column":5}}},"3":{"name":"(anonymous_10)","decl":{"start":{"line":17,"column":26},"end":{"line":17,"column":33}},"loc":{"start":{"line":17,"column":76},"end":{"line":24,"column":null}}},"4":{"name":"(anonymous_11)","decl":{"start":{"line":17,"column":76},"end":{"line":17,"column":null}},"loc":{"start":{"line":17,"column":76},"end":{"line":24,"column":5}}},"5":{"name":"(anonymous_12)","decl":{"start":{"line":26,"column":24},"end":{"line":26,"column":31}},"loc":{"start":{"line":26,"column":64},"end":{"line":30,"column":null}}},"6":{"name":"(anonymous_13)","decl":{"start":{"line":26,"column":64},"end":{"line":26,"column":null}},"loc":{"start":{"line":26,"column":64},"end":{"line":30,"column":5}}},"7":{"name":"(anonymous_14)","decl":{"start":{"line":32,"column":22},"end":{"line":32,"column":50}},"loc":{"start":{"line":32,"column":52},"end":{"line":38,"column":null}}},"8":{"name":"(anonymous_15)","decl":{"start":{"line":32,"column":52},"end":{"line":32,"column":null}},"loc":{"start":{"line":32,"column":52},"end":{"line":38,"column":5}}},"9":{"name":"(anonymous_16)","decl":{"start":{"line":40,"column":22},"end":{"line":40,"column":29}},"loc":{"start":{"line":40,"column":77},"end":{"line":45,"column":null}}},"10":{"name":"(anonymous_17)","decl":{"start":{"line":40,"column":77},"end":{"line":40,"column":null}},"loc":{"start":{"line":40,"column":77},"end":{"line":45,"column":5}}},"11":{"name":"(anonymous_18)","decl":{"start":{"line":47,"column":24},"end":{"line":47,"column":31}},"loc":{"start":{"line":47,"column":60},"end":{"line":52,"column":null}}},"12":{"name":"(anonymous_19)","decl":{"start":{"line":47,"column":60},"end":{"line":47,"column":null}},"loc":{"start":{"line":47,"column":60},"end":{"line":52,"column":5}}}},"branchMap":{},"s":{"0":6,"1":1,"2":0,"3":0,"4":0,"5":1,"6":0,"7":0,"8":0,"9":1,"10":0,"11":0,"12":1,"13":1,"14":1,"15":1,"16":1,"17":0,"18":0,"19":1,"20":0,"21":0,"22":6,"23":6},"f":{"0":1,"1":0,"2":0,"3":0,"4":0,"5":0,"6":0,"7":1,"8":1,"9":0,"10":0,"11":0,"12":0},"b":{}}
,"C:\\Users\\Aureana\\Documents\\LABENU\\BACK-END\\PROJETOS\\Nova pasta\\LabEddit-back\\src\\errors\\BadRequestError.ts": {"path":"C:\\Users\\Aureana\\Documents\\LABENU\\BACK-END\\PROJETOS\\Nova pasta\\LabEddit-back\\src\\errors\\BadRequestError.ts","statementMap":{"0":{"start":{"line":1,"column":0},"end":{"line":1,"column":38}},"1":{"start":{"line":7,"column":8},"end":{"line":7,"column":null}},"2":{"start":{"line":3,"column":0},"end":{"line":3,"column":13}}},"fnMap":{"0":{"name":"(anonymous_0)","decl":{"start":{"line":4,"column":4},"end":{"line":4,"column":null}},"loc":{"start":{"line":5,"column":47},"end":{"line":8,"column":5}}}},"branchMap":{"0":{"loc":{"start":{"line":5,"column":8},"end":{"line":5,"column":47}},"type":"default-arg","locations":[{"start":{"line":5,"column":26},"end":{"line":5,"column":47}}]}},"s":{"0":16,"1":29,"2":16},"f":{"0":29},"b":{"0":[0]}}
,"C:\\Users\\Aureana\\Documents\\LABENU\\BACK-END\\PROJETOS\\Nova pasta\\LabEddit-back\\src\\errors\\BaseError.ts": {"path":"C:\\Users\\Aureana\\Documents\\LABENU\\BACK-END\\PROJETOS\\Nova pasta\\LabEddit-back\\src\\errors\\BaseError.ts","statementMap":{"0":{"start":{"line":6,"column":8},"end":{"line":6,"column":null}},"1":{"start":{"line":3,"column":15},"end":{"line":3,"column":33}},"2":{"start":{"line":1,"column":0},"end":{"line":1,"column":22}}},"fnMap":{"0":{"name":"(anonymous_0)","decl":{"start":{"line":2,"column":4},"end":{"line":2,"column":null}},"loc":{"start":{"line":4,"column":22},"end":{"line":7,"column":5}}}},"branchMap":{},"s":{"0":32,"1":32,"2":16},"f":{"0":32},"b":{}}
,"C:\\Users\\Aureana\\Documents\\LABENU\\BACK-END\\PROJETOS\\Nova pasta\\LabEddit-back\\src\\errors\\NotFoundError.ts": {"path":"C:\\Users\\Aureana\\Documents\\LABENU\\BACK-END\\PROJETOS\\Nova pasta\\LabEddit-back\\src\\errors\\NotFoundError.ts","statementMap":{"0":{"start":{"line":1,"column":0},"end":{"line":1,"column":40}},"1":{"start":{"line":7,"column":8},"end":{"line":7,"column":null}},"2":{"start":{"line":3,"column":0},"end":{"line":3,"column":13}}},"fnMap":{"0":{"name":"(anonymous_0)","decl":{"start":{"line":4,"column":4},"end":{"line":4,"column":null}},"loc":{"start":{"line":5,"column":53},"end":{"line":8,"column":5}}}},"branchMap":{"0":{"loc":{"start":{"line":5,"column":8},"end":{"line":5,"column":53}},"type":"default-arg","locations":[{"start":{"line":5,"column":26},"end":{"line":5,"column":53}}]}},"s":{"0":16,"1":3,"2":16},"f":{"0":3},"b":{"0":[0]}}
,"C:\\Users\\Aureana\\Documents\\LABENU\\BACK-END\\PROJETOS\\Nova pasta\\LabEddit-back\\src\\models\\CommentsModel.ts": {"path":"C:\\Users\\Aureana\\Documents\\LABENU\\BACK-END\\PROJETOS\\Nova pasta\\LabEddit-back\\src\\models\\CommentsModel.ts","statementMap":{"0":{"start":{"line":5,"column":16},"end":{"line":5,"column":26}},"1":{"start":{"line":6,"column":16},"end":{"line":6,"column":30}},"2":{"start":{"line":7,"column":16},"end":{"line":7,"column":30}},"3":{"start":{"line":8,"column":16},"end":{"line":8,"column":32}},"4":{"start":{"line":9,"column":16},"end":{"line":9,"column":29}},"5":{"start":{"line":10,"column":16},"end":{"line":10,"column":32}},"6":{"start":{"line":11,"column":16},"end":{"line":11,"column":33}},"7":{"start":{"line":15,"column":8},"end":{"line":15,"column":null}},"8":{"start":{"line":19,"column":8},"end":{"line":19,"column":null}},"9":{"start":{"line":23,"column":8},"end":{"line":23,"column":null}},"10":{"start":{"line":27,"column":8},"end":{"line":27,"column":null}},"11":{"start":{"line":31,"column":8},"end":{"line":31,"column":null}},"12":{"start":{"line":35,"column":8},"end":{"line":35,"column":null}},"13":{"start":{"line":39,"column":8},"end":{"line":39,"column":null}},"14":{"start":{"line":43,"column":8},"end":{"line":43,"column":null}},"15":{"start":{"line":47,"column":8},"end":{"line":47,"column":null}},"16":{"start":{"line":51,"column":8},"end":{"line":51,"column":null}},"17":{"start":{"line":55,"column":8},"end":{"line":55,"column":null}},"18":{"start":{"line":59,"column":8},"end":{"line":59,"column":null}},"19":{"start":{"line":63,"column":8},"end":{"line":63,"column":null}},"20":{"start":{"line":67,"column":8},"end":{"line":67,"column":null}},"21":{"start":{"line":71,"column":8},"end":{"line":71,"column":null}},"22":{"start":{"line":75,"column":8},"end":{"line":75,"column":null}},"23":{"start":{"line":80,"column":8},"end":{"line":80,"column":null}},"24":{"start":{"line":84,"column":8},"end":{"line":84,"column":null}},"25":{"start":{"line":88,"column":8},"end":{"line":96,"column":null}},"26":{"start":{"line":100,"column":8},"end":{"line":108,"column":null}},"27":{"start":{"line":3,"column":0},"end":{"line":3,"column":13}}},"fnMap":{"0":{"name":"(anonymous_0)","decl":{"start":{"line":4,"column":4},"end":{"line":4,"column":null}},"loc":{"start":{"line":11,"column":33},"end":{"line":12,"column":9}}},"1":{"name":"(anonymous_1)","decl":{"start":{"line":14,"column":11},"end":{"line":14,"column":16}},"loc":{"start":{"line":14,"column":16},"end":{"line":16,"column":5}}},"2":{"name":"(anonymous_2)","decl":{"start":{"line":18,"column":11},"end":{"line":18,"column":16}},"loc":{"start":{"line":18,"column":30},"end":{"line":20,"column":5}}},"3":{"name":"(anonymous_3)","decl":{"start":{"line":22,"column":11},"end":{"line":22,"column":20}},"loc":{"start":{"line":22,"column":20},"end":{"line":24,"column":5}}},"4":{"name":"(anonymous_4)","decl":{"start":{"line":26,"column":11},"end":{"line":26,"column":20}},"loc":{"start":{"line":26,"column":34},"end":{"line":28,"column":5}}},"5":{"name":"(anonymous_5)","decl":{"start":{"line":30,"column":11},"end":{"line":30,"column":22}},"loc":{"start":{"line":30,"column":22},"end":{"line":32,"column":5}}},"6":{"name":"(anonymous_6)","decl":{"start":{"line":34,"column":11},"end":{"line":34,"column":22}},"loc":{"start":{"line":34,"column":36},"end":{"line":36,"column":5}}},"7":{"name":"(anonymous_7)","decl":{"start":{"line":38,"column":11},"end":{"line":38,"column":20}},"loc":{"start":{"line":38,"column":20},"end":{"line":40,"column":5}}},"8":{"name":"(anonymous_8)","decl":{"start":{"line":42,"column":11},"end":{"line":42,"column":20}},"loc":{"start":{"line":42,"column":34},"end":{"line":44,"column":5}}},"9":{"name":"(anonymous_9)","decl":{"start":{"line":46,"column":11},"end":{"line":46,"column":19}},"loc":{"start":{"line":46,"column":19},"end":{"line":48,"column":5}}},"10":{"name":"(anonymous_10)","decl":{"start":{"line":50,"column":11},"end":{"line":50,"column":19}},"loc":{"start":{"line":50,"column":33},"end":{"line":52,"column":5}}},"11":{"name":"(anonymous_11)","decl":{"start":{"line":54,"column":11},"end":{"line":54,"column":18}},"loc":{"start":{"line":54,"column":18},"end":{"line":56,"column":5}}},"12":{"name":"(anonymous_12)","decl":{"start":{"line":58,"column":11},"end":{"line":58,"column":21}},"loc":{"start":{"line":58,"column":21},"end":{"line":60,"column":5}}},"13":{"name":"(anonymous_13)","decl":{"start":{"line":62,"column":11},"end":{"line":62,"column":21}},"loc":{"start":{"line":62,"column":21},"end":{"line":64,"column":5}}},"14":{"name":"(anonymous_14)","decl":{"start":{"line":66,"column":11},"end":{"line":66,"column":24}},"loc":{"start":{"line":66,"column":24},"end":{"line":68,"column":5}}},"15":{"name":"(anonymous_15)","decl":{"start":{"line":70,"column":11},"end":{"line":70,"column":22}},"loc":{"start":{"line":70,"column":22},"end":{"line":72,"column":5}}},"16":{"name":"(anonymous_16)","decl":{"start":{"line":74,"column":11},"end":{"line":74,"column":22}},"loc":{"start":{"line":74,"column":36},"end":{"line":76,"column":5}}},"17":{"name":"(anonymous_17)","decl":{"start":{"line":79,"column":11},"end":{"line":79,"column":23}},"loc":{"start":{"line":79,"column":23},"end":{"line":81,"column":5}}},"18":{"name":"(anonymous_18)","decl":{"start":{"line":83,"column":11},"end":{"line":83,"column":23}},"loc":{"start":{"line":83,"column":37},"end":{"line":85,"column":5}}},"19":{"name":"(anonymous_19)","decl":{"start":{"line":87,"column":11},"end":{"line":87,"column":20}},"loc":{"start":{"line":87,"column":20},"end":{"line":97,"column":5}}},"20":{"name":"(anonymous_20)","decl":{"start":{"line":99,"column":11},"end":{"line":99,"column":26}},"loc":{"start":{"line":99,"column":26},"end":{"line":109,"column":5}}}},"branchMap":{},"s":{"0":2,"1":2,"2":2,"3":2,"4":2,"5":2,"6":2,"7":0,"8":0,"9":0,"10":0,"11":0,"12":0,"13":0,"14":0,"15":0,"16":0,"17":0,"18":0,"19":0,"20":0,"21":0,"22":0,"23":0,"24":0,"25":1,"26":1,"27":5},"f":{"0":2,"1":0,"2":0,"3":0,"4":0,"5":0,"6":0,"7":0,"8":0,"9":0,"10":0,"11":0,"12":0,"13":0,"14":0,"15":0,"16":0,"17":0,"18":0,"19":1,"20":1},"b":{}}
[...]
atementMap":{"0":{"start":{"line":1,"column":0},"end":{"line":1,"column":66}},"1":{"start":{"line":2,"column":0},"end":{"line":2,"column":88}},"2":{"start":{"line":7,"column":11},"end":{"line":32,"column":null}},"3":{"start":{"line":7,"column":75},"end":{"line":32,"column":null}},"4":{"start":{"line":8,"column":8},"end":{"line":31,"column":null}},"5":{"start":{"line":34,"column":11},"end":{"line":65,"column":null}},"6":{"start":{"line":34,"column":40},"end":{"line":65,"column":null}},"7":{"start":{"line":35,"column":8},"end":{"line":63,"column":null}},"8":{"start":{"line":67,"column":11},"end":{"line":90,"column":null}},"9":{"start":{"line":67,"column":52},"end":{"line":90,"column":null}},"10":{"start":{"line":68,"column":8},"end":{"line":89,"column":null}},"11":{"start":{"line":92,"column":11},"end":{"line":119,"column":null}},"12":{"start":{"line":92,"column":76},"end":{"line":119,"column":null}},"13":{"start":{"line":93,"column":8},"end":{"line":118,"column":null}},"14":{"start":{"line":95,"column":16},"end":{"line":104,"column":null}},"15":{"start":{"line":106,"column":16},"end":{"line":115,"column":null}},"16":{"start":{"line":117,"column":16},"end":{"line":117,"column":null}},"17":{"start":{"line":121,"column":11},"end":{"line":122,"column":null}},"18":{"start":{"line":121,"column":64},"end":{"line":122,"column":null}},"19":{"start":{"line":124,"column":11},"end":{"line":125,"column":null}},"20":{"start":{"line":124,"column":73},"end":{"line":125,"column":null}},"21":{"start":{"line":127,"column":11},"end":{"line":128,"column":null}},"22":{"start":{"line":127,"column":56},"end":{"line":128,"column":null}},"23":{"start":{"line":130,"column":11},"end":{"line":159,"column":null}},"24":{"start":{"line":130,"column":98},"end":{"line":159,"column":null}},"25":{"start":{"line":131,"column":8},"end":{"line":158,"column":null}},"26":{"start":{"line":133,"column":16},"end":{"line":143,"column":null}},"27":{"start":{"line":145,"column":16},"end":{"line":155,"column":null}},"28":{"start":{"line":157,"column":16},"end":{"line":157,"column":null}},"29":{"start":{"line":161,"column":11},"end":{"line":162,"column":null}},"30":{"start":{"line":161,"column":83},"end":{"line":162,"column":null}},"31":{"start":{"line":164,"column":11},"end":{"line":174,"column":null}},"32":{"start":{"line":164,"column":103},"end":{"line":174,"column":null}},"33":{"start":{"line":166,"column":8},"end":{"line":173,"column":null}},"34":{"start":{"line":167,"column":12},"end":{"line":169,"column":null}},"35":{"start":{"line":172,"column":12},"end":{"line":172,"column":null}},"36":{"start":{"line":176,"column":11},"end":{"line":177,"column":null}},"37":{"start":{"line":176,"column":83},"end":{"line":177,"column":null}},"38":{"start":{"line":179,"column":11},"end":{"line":180,"column":null}},"39":{"start":{"line":179,"column":83},"end":{"line":180,"column":null}},"40":{"start":{"line":4,"column":0},"end":{"line":4,"column":13}},"41":{"start":{"line":5,"column":18},"end":{"line":5,"column":null}}},"fnMap":{"0":{"name":"(anonymous_7)","decl":{"start":{"line":4,"column":0},"end":{"line":4,"column":13}},"loc":{"start":{"line":4,"column":0},"end":{"line":181,"column":1}}},"1":{"name":"(anonymous_8)","decl":{"start":{"line":7,"column":34},"end":{"line":7,"column":73}},"loc":{"start":{"line":7,"column":75},"end":{"line":32,"column":null}}},"2":{"name":"(anonymous_9)","decl":{"start":{"line":7,"column":75},"end":{"line":7,"column":null}},"loc":{"start":{"line":7,"column":75},"end":{"line":32,"column":5}}},"3":{"name":"(anonymous_10)","decl":{"start":{"line":34,"column":29},"end":{"line":34,"column":38}},"loc":{"start":{"line":34,"column":40},"end":{"line":65,"column":null}}},"4":{"name":"(anonymous_11)","decl":{"start":{"line":34,"column":40},"end":{"line":34,"column":null}},"loc":{"start":{"line":34,"column":40},"end":{"line":65,"column":5}}},"5":{"name":"(anonymous_12)","decl":{"start":{"line":67,"column":22},"end":{"line":67,"column":50}},"loc":{"start":{"line":67,"column":52},"end":{"line":90,"column":null}}},"6":{"name":"(anonymous_13)","decl":{"start":{"line":67,"column":52},"end":{"line":67,"column":null}},"loc":{"start":{"line":67,"column":52},"end":{"line":90,"column":5}}},"7":{"name":"(anonymous_14)","decl":{"start":{"line":92,"column":26},"end":{"line":92,"column":33}},"loc":{"start":{"line":92,"column":76},"end":{"line":119,"column":null}}},"8":{"name":"(anonymous_15)","decl":{"start":{"line":92,"column":76},"end":{"line":92,"column":null}},"loc":{"start":{"line":92,"column":76},"end":{"line":119,"column":5}}},"9":{"name":"(anonymous_16)","decl":{"start":{"line":121,"column":24},"end":{"line":121,"column":31}},"loc":{"start":{"line":121,"column":64},"end":{"line":122,"column":null}}},"10":{"name":"(anonymous_17)","decl":{"start":{"line":121,"column":64},"end":{"line":121,"column":null}},"loc":{"start":{"line":121,"column":64},"end":{"line":122,"column":5}}},"11":{"name":"(anonymous_18)","decl":{"start":{"line":124,"column":20},"end":{"line":124,"column":27}},"loc":{"start":{"line":124,"column":73},"end":{"line":125,"column":null}}},"12":{"name":"(anonymous_19)","decl":{"start":{"line":124,"column":73},"end":{"line":124,"column":null}},"loc":{"start":{"line":124,"column":73},"end":{"line":125,"column":5}}},"13":{"name":"(anonymous_20)","decl":{"start":{"line":127,"column":20},"end":{"line":127,"column":27}},"loc":{"start":{"line":127,"column":56},"end":{"line":128,"column":null}}},"14":{"name":"(anonymous_21)","decl":{"start":{"line":127,"column":56},"end":{"line":127,"column":null}},"loc":{"start":{"line":127,"column":56},"end":{"line":128,"column":5}}},"15":{"name":"(anonymous_22)","decl":{"start":{"line":130,"column":37},"end":{"line":130,"column":44}},"loc":{"start":{"line":130,"column":98},"end":{"line":159,"column":null}}},"16":{"name":"(anonymous_23)","decl":{"start":{"line":130,"column":98},"end":{"line":130,"column":null}},"loc":{"start":{"line":130,"column":98},"end":{"line":159,"column":5}}},"17":{"name":"(anonymous_24)","decl":{"start":{"line":161,"column":31},"end":{"line":161,"column":38}},"loc":{"start":{"line":161,"column":83},"end":{"line":162,"column":null}}},"18":{"name":"(anonymous_25)","decl":{"start":{"line":161,"column":83},"end":{"line":161,"column":null}},"loc":{"start":{"line":161,"column":83},"end":{"line":162,"column":5}}},"19":{"name":"(anonymous_26)","decl":{"start":{"line":164,"column":29},"end":{"line":164,"column":36}},"loc":{"start":{"line":164,"column":103},"end":{"line":174,"column":null}}},"20":{"name":"(anonymous_27)","decl":{"start":{"line":164,"column":103},"end":{"line":164,"column":null}},"loc":{"start":{"line":164,"column":103},"end":{"line":174,"column":5}}},"21":{"name":"(anonymous_28)","decl":{"start":{"line":176,"column":31},"end":{"line":176,"column":38}},"loc":{"start":{"line":176,"column":83},"end":{"line":177,"column":null}}},"22":{"name":"(anonymous_29)","decl":{"start":{"line":176,"column":83},"end":{"line":176,"column":null}},"loc":{"start":{"line":176,"column":83},"end":{"line":177,"column":5}}},"23":{"name":"(anonymous_30)","decl":{"start":{"line":179,"column":31},"end":{"line":179,"column":38}},"loc":{"start":{"line":179,"column":83},"end":{"line":180,"column":null}}},"24":{"name":"(anonymous_31)","decl":{"start":{"line":179,"column":83},"end":{"line":179,"column":null}},"loc":{"start":{"line":179,"column":83},"end":{"line":180,"column":5}}}},"branchMap":{"0":{"loc":{"start":{"line":93,"column":8},"end":{"line":118,"column":null}},"type":"switch","locations":[{"start":{"line":94,"column":12},"end":{"line":104,"column":null}},{"start":{"line":105,"column":12},"end":{"line":115,"column":null}},{"start":{"line":116,"column":12},"end":{"line":117,"column":null}}]},"1":{"loc":{"start":{"line":131,"column":8},"end":{"line":158,"column":null}},"type":"switch","locations":[{"start":{"line":132,"column":12},"end":{"line":143,"column":null}},{"start":{"line":144,"column":12},"end":{"line":155,"column":null}},{"start":{"line":156,"column":12},"end":{"line":157,"column":null}}]},"2":{"loc":{"start":{"line":166,"column":8},"end":{"line":173,"column":null}},"type":"if","locations":[{"start":{"line":166,"column":8},"end":{"line":173,"column":null}},{"start":{"line":171,"column":15},"end":{"line":173,"column":null}}]},"3":{"loc":{"start":{"line":167,"column":19},"end":{"line":169,"column":44}},"type":"cond-expr","locations":[{"start":{"line":168,"column":18},"end":{"line":168,"column":41}},{"start":{"line":169,"column":18},"end":{"line":169,"column":44}}]}},"s":{"0":11,"1":11,"2":11,"3":1,"4":1,"5":11,"6":0,"7":0,"8":11,"9":1,"10":1,"11":11,"12":4,"13":4,"14":2,"15":1,"16":1,"17":11,"18":1,"19":11,"20":1,"21":11,"22":1,"23":11,"24":1,"25":1,"26":1,"27":0,"28":0,"29":11,"30":0,"31":11,"32":1,"33":1,"34":1,"35":0,"36":11,"37":1,"38":11,"39":0,"40":11,"41":11},"f":{"0":11,"1":1,"2":1,"3":0,"4":0,"5":1,"6":1,"7":4,"8":4,"9":1,"10":1,"11":1,"12":1,"13":1,"14":1,"15":1,"16":1,"17":0,"18":0,"19":1,"20":1,"21":1,"22":1,"23":0,"24":0},"b":{"0":[2,1,1],"1":[1,0,0],"2":[1,0],"3":[1,0]}}
,"C:\\Users\\Aureana\\Documents\\LABENU\\BACK-END\\PROJETOS\\Nova pasta\\LabEddit-back\\tests\\mocks\\database\\UserDatabaseMock.ts": {"path":"C:\\Users\\Aureana\\Documents\\LABENU\\BACK-END\\PROJETOS\\Nova pasta\\LabEddit-back\\tests\\mocks\\database\\UserDatabaseMock.ts","statementMap":{"0":{"start":{"line":1,"column":0},"end":{"line":1,"column":65}},"1":{"start":{"line":2,"column":0},"end":{"line":2,"column":55}},"2":{"start":{"line":8,"column":11},"end":{"line":27,"column":null}},"3":{"start":{"line":8,"column":52},"end":{"line":27,"column":null}},"4":{"start":{"line":9,"column":8},"end":{"line":26,"column":null}},"5":{"start":{"line":29,"column":11},"end":{"line":52,"column":null}},"6":{"start":{"line":29,"column":76},"end":{"line":52,"column":null}},"7":{"start":{"line":30,"column":8},"end":{"line":51,"column":null}},"8":{"start":{"line":32,"column":16},"end":{"line":39,"column":null}},"9":{"start":{"line":41,"column":16},"end":{"line":48,"column":null}},"10":{"start":{"line":50,"column":16},"end":{"line":50,"column":null}},"11":{"start":{"line":54,"column":11},"end":{"line":77,"column":null}},"12":{"start":{"line":54,"column":82},"end":{"line":77,"column":null}},"13":{"start":{"line":55,"column":8},"end":{"line":76,"column":null}},"14":{"start":{"line":57,"column":16},"end":{"line":64,"column":null}},"15":{"start":{"line":66,"column":16},"end":{"line":73,"column":null}},"16":{"start":{"line":75,"column":16},"end":{"line":75,"column":null}},"17":{"start":{"line":79,"column":11},"end":{"line":80,"column":null}},"18":{"start":{"line":79,"column":64},"end":{"line":80,"column":null}},"19":{"start":{"line":82,"column":11},"end":{"line":83,"column":null}},"20":{"start":{"line":82,"column":77},"end":{"line":83,"column":null}},"21":{"start":{"line":85,"column":11},"end":{"line":86,"column":null}},"22":{"start":{"line":85,"column":60},"end":{"line":86,"column":null}},"23":{"start":{"line":5,"column":0},"end":{"line":5,"column":13}},"24":{"start":{"line":6,"column":18},"end":{"line":6,"column":null}}},"fnMap":{"0":{"name":"(anonymous_7)","decl":{"start":{"line":5,"column":0},"end":{"line":5,"column":13}},"loc":{"start":{"line":5,"column":0},"end":{"line":88,"column":1}}},"1":{"name":"(anonymous_8)","decl":{"start":{"line":8,"column":22},"end":{"line":8,"column":50}},"loc":{"start":{"line":8,"column":52},"end":{"line":27,"column":null}}},"2":{"name":"(anonymous_9)","decl":{"start":{"line":8,"column":52},"end":{"line":8,"column":null}},"loc":{"start":{"line":8,"column":52},"end":{"line":27,"column":5}}},"3":{"name":"(anonymous_10)","decl":{"start":{"line":29,"column":26},"end":{"line":29,"column":33}},"loc":{"start":{"line":29,"column":76},"end":{"line":52,"column":null}}},"4":{"name":"(anonymous_11)","decl":{"start":{"line":29,"column":76},"end":{"line":29,"column":null}},"loc":{"start":{"line":29,"column":76},"end":{"line":52,"column":5}}},"5":{"name":"(anonymous_12)","decl":{"start":{"line":54,"column":29},"end":{"line":54,"column":36}},"loc":{"start":{"line":54,"column":82},"end":{"line":77,"column":null}}},"6":{"name":"(anonymous_13)","decl":{"start":{"line":54,"column":82},"end":{"line":54,"column":null}},"loc":{"start":{"line":54,"column":82},"end":{"line":77,"column":5}}},"7":{"name":"(anonymous_14)","decl":{"start":{"line":79,"column":24},"end":{"line":79,"column":31}},"loc":{"start":{"line":79,"column":64},"end":{"line":80,"column":null}}},"8":{"name":"(anonymous_15)","decl":{"start":{"line":79,"column":64},"end":{"line":79,"column":null}},"loc":{"start":{"line":79,"column":64},"end":{"line":80,"column":5}}},"9":{"name":"(anonymous_16)","decl":{"start":{"line":82,"column":22},"end":{"line":82,"column":29}},"loc":{"start":{"line":82,"column":77},"end":{"line":83,"column":null}}},"10":{"name":"(anonymous_17)","decl":{"start":{"line":82,"column":77},"end":{"line":82,"column":null}},"loc":{"start":{"line":82,"column":77},"end":{"line":83,"column":5}}},"11":{"name":"(anonymous_18)","decl":{"start":{"line":85,"column":24},"end":{"line":85,"column":31}},"loc":{"start":{"line":85,"column":60},"end":{"line":86,"column":null}}},"12":{"name":"(anonymous_19)","decl":{"start":{"line":85,"column":60},"end":{"line":85,"column":null}},"loc":{"start":{"line":85,"column":60},"end":{"line":86,"column":5}}}},"branchMap":{"0":{"loc":{"start":{"line":30,"column":8},"end":{"line":51,"column":null}},"type":"switch","locations":[{"start":{"line":31,"column":12},"end":{"line":39,"column":null}},{"start":{"line":40,"column":12},"end":{"line":48,"column":null}},{"start":{"line":49,"column":12},"end":{"line":50,"column":null}}]},"1":{"loc":{"start":{"line":55,"column":8},"end":{"line":76,"column":null}},"type":"switch","locations":[{"start":{"line":56,"column":12},"end":{"line":64,"column":null}},{"start":{"line":65,"column":12},"end":{"line":73,"column":null}},{"start":{"line":74,"column":12},"end":{"line":75,"column":null}}]}},"s":{"0":5,"1":5,"2":5,"3":1,"4":1,"5":5,"6":4,"7":4,"8":2,"9":1,"10":1,"11":5,"12":6,"13":6,"14":2,"15":2,"16":2,"17":5,"18":1,"19":5,"20":1,"21":5,"22":1,"23":5,"24":5},"f":{"0":5,"1":1,"2":1,"3":4,"4":4,"5":6,"6":6,"7":1,"8":1,"9":1,"10":1,"11":1,"12":1},"b":{"0":[2,1,1],"1":[2,2,2]}}
,"C:\\Users\\Aureana\\Documents\\LABENU\\BACK-END\\PROJETOS\\Nova pasta\\LabEddit-back\\tests\\mocks\\service\\HashManagerMock.ts": {"path":"C:\\Users\\Aureana\\Documents\\LABENU\\BACK-END\\PROJETOS\\Nova pasta\\LabEddit-back\\tests\\mocks\\service\\HashManagerMock.ts","statementMap":{"0":{"start":{"line":2,"column":11},"end":{"line":8,"column":null}},"1":{"start":{"line":2,"column":63},"end":{"line":8,"column":null}},"2":{"start":{"line":3,"column":8},"end":{"line":5,"column":null}},"3":{"start":{"line":4,"column":12},"end":{"line":4,"column":null}},"4":{"start":{"line":7,"column":8},"end":{"line":7,"column":null}},"5":{"start":{"line":10,"column":11},"end":{"line":16,"column":null}},"6":{"start":{"line":10,"column":81},"end":{"line":16,"column":null}},"7":{"start":{"line":11,"column":8},"end":{"line":13,"column":null}},"8":{"start":{"line":12,"column":12},"end":{"line":12,"column":null}},"9":{"start":{"line":15,"column":8},"end":{"line":15,"column":null}},"10":{"start":{"line":1,"column":0},"end":{"line":1,"column":13}}},"fnMap":{"0":{"name":"(anonymous_7)","decl":{"start":{"line":1,"column":0},"end":{"line":1,"column":13}},"loc":{"start":{"line":1,"column":0},"end":{"line":17,"column":1}}},"1":{"name":"(anonymous_8)","decl":{"start":{"line":2,"column":18},"end":{"line":2,"column":25}},"loc":{"start":{"line":2,"column":63},"end":{"line":8,"column":null}}},"2":{"name":"(anonymous_9)","decl":{"start":{"line":2,"column":63},"end":{"line":2,"column":null}},"loc":{"start":{"line":2,"column":63},"end":{"line":8,"column":5}}},"3":{"name":"(anonymous_10)","decl":{"start":{"line":10,"column":21},"end":{"line":10,"column":28}},"loc":{"start":{"line":10,"column":81},"end":{"line":16,"column":null}}},"4":{"name":"(anonymous_11)","decl":{"start":{"line":10,"column":81},"end":{"line":10,"column":null}},"loc":{"start":{"line":10,"column":81},"end":{"line":16,"column":5}}}},"branchMap":{"0":{"loc":{"start":{"line":3,"column":8},"end":{"line":5,"column":null}},"type":"if","locations":[{"start":{"line":3,"column":8},"end":{"line":5,"column":null}}]},"1":{"loc":{"start":{"line":11,"column":8},"end":{"line":13,"column":null}},"type":"if","locations":[{"start":{"line":11,"column":8},"end":{"line":13,"column":null}}]},"2":{"loc":{"start":{"line":11,"column":12},"end":{"line":11,"column":64}},"type":"binary-expr","locations":[{"start":{"line":11,"column":12},"end":{"line":11,"column":36}},{"start":{"line":11,"column":40},"end":{"line":11,"column":64}}]}},"s":{"0":5,"1":1,"2":1,"3":1,"4":0,"5":5,"6":3,"7":3,"8":2,"9":1,"10":5},"f":{"0":5,"1":1,"2":1,"3":3,"4":3},"b":{"0":[1],"1":[2],"2":[3,2]}}
,"C:\\Users\\Aureana\\Documents\\LABENU\\BACK-END\\PROJETOS\\Nova pasta\\LabEddit-back\\tests\\mocks\\service\\TokenManagerMock.ts": {"path":"C:\\Users\\Aureana\\Documents\\LABENU\\BACK-END\\PROJETOS\\Nova pasta\\LabEddit-back\\tests\\mocks\\service\\TokenManagerMock.ts","statementMap":{"0":{"start":{"line":1,"column":0},"end":{"line":1,"column":61}},"1":{"start":{"line":6,"column":11},"end":{"line":12,"column":null}},"2":{"start":{"line":7,"column":8},"end":{"line":11,"column":null}},"3":{"start":{"line":8,"column":12},"end":{"line":8,"column":null}},"4":{"start":{"line":10,"column":12},"end":{"line":10,"column":null}},"5":{"start":{"line":14,"column":11},"end":{"line":32,"column":null}},"6":{"start":{"line":15,"column":8},"end":{"line":31,"column":null}},"7":{"start":{"line":16,"column":12},"end":{"line":20,"column":null}},"8":{"start":{"line":22,"column":15},"end":{"line":31,"column":null}},"9":{"start":{"line":23,"column":12},"end":{"line":27,"column":null}},"10":{"start":{"line":30,"column":12},"end":{"line":30,"column":null}},"11":{"start":{"line":4,"column":0},"end":{"line":4,"column":13}}},"fnMap":{"0":{"name":"(anonymous_0)","decl":{"start":{"line":4,"column":0},"end":{"line":4,"column":13}},"loc":{"start":{"line":4,"column":0},"end":{"line":33,"column":1}}},"1":{"name":"(anonymous_1)","decl":{"start":{"line":6,"column":25},"end":{"line":6,"column":26}},"loc":{"start":{"line":6,"column":59},"end":{"line":12,"column":5}}},"2":{"name":"(anonymous_2)","decl":{"start":{"line":14,"column":24},"end":{"line":14,"column":25}},"loc":{"start":{"line":14,"column":63},"end":{"line":32,"column":5}}}},"branchMap":{"0":{"loc":{"start":{"line":7,"column":8},"end":{"line":11,"column":null}},"type":"if","locations":[{"start":{"line":7,"column":8},"end":{"line":11,"column":null}},{"start":{"line":9,"column":15},"end":{"line":11,"column":null}}]},"1":{"loc":{"start":{"line":15,"column":8},"end":{"line":31,"column":null}},"type":"if","locations":[{"start":{"line":15,"column":8},"end":{"line":31,"column":null}},{"start":{"line":22,"column":15},"end":{"line":31,"column":null}}]},"2":{"loc":{"start":{"line":22,"column":15},"end":{"line":31,"column":null}},"type":"if","locations":[{"start":{"line":22,"column":15},"end":{"line":31,"column":null}},{"start":{"line":29,"column":15},"end":{"line":31,"column":null}}]}},"s":{"0":16,"1":16,"2":3,"3":2,"4":1,"5":16,"6":24,"7":15,"8":9,"9":4,"10":5,"11":16},"f":{"0":16,"1":3,"2":24},"b":{"0":[2,1],"1":[15,9],"2":[4,5]}}
,"C:\\Users\\Aureana\\Documents\\LABENU\\BACK-END\\PROJETOS\\Nova pasta\\LabEddit-back\\tests\\mocks\\service\\idGeneratorMock.ts": {"path":"C:\\Users\\Aureana\\Documents\\LABENU\\BACK-END\\PROJETOS\\Nova pasta\\LabEddit-back\\tests\\mocks\\service\\idGeneratorMock.ts","statementMap":{"0":{"start":{"line":3,"column":8},"end":{"line":3,"column":null}},"1":{"start":{"line":1,"column":0},"end":{"line":1,"column":13}}},"fnMap":{"0":{"name":"(anonymous_0)","decl":{"start":{"line":2,"column":11},"end":{"line":2,"column":19}},"loc":{"start":{"line":2,"column":19},"end":{"line":4,"column":5}}}},"branchMap":{},"s":{"0":3,"1":16},"f":{"0":3},"b":{}}
}
