TN:
SF:src\types.ts
FN:1,(anonymous_0)
FN:67,(anonymous_1)
FN:108,(anonymous_2)
FNF:3
FNH:3
FNDA:16,(anonymous_0)
FNDA:16,(anonymous_1)
FNDA:16,(anonymous_2)
DA:1,16
DA:2,16
DA:3,16
DA:67,16
DA:68,16
DA:69,16
DA:108,16
DA:109,16
DA:110,16
LF:9
LH:9
BRDA:1,0,0,16
BRDA:1,0,1,16
BRDA:67,1,0,16
BRDA:67,1,1,16
BRDA:108,2,0,16
BRDA:108,2,1,16
BRF:6
BRH:6
end_of_record
TN:
SF:src\business\CommentsBusiness.ts
FN:12,(anonymous_7)
FN:19,(anonymous_8)
FN:19,(anonymous_9)
FN:36,(anonymous_10)
FN:54,(anonymous_11)
FN:54,(anonymous_12)
FN:87,(anonymous_13)
FN:87,(anonymous_14)
FN:129,(anonymous_15)
FN:129,(anonymous_16)
FN:176,(anonymous_17)
FN:176,(anonymous_18)
FN:206,(anonymous_19)
FN:206,(anonymous_20)
FNF:14
FNH:11
FNDA:5,(anonymous_7)
FNDA:1,(anonymous_8)
FNDA:1,(anonymous_9)
FNDA:0,(anonymous_10)
FNDA:2,(anonymous_11)
FNDA:2,(anonymous_12)
FNDA:4,(anonymous_13)
FNDA:4,(anonymous_14)
FNDA:2,(anonymous_15)
FNDA:2,(anonymous_16)
FNDA:3,(anonymous_17)
FNDA:3,(anonymous_18)
FNDA:0,(anonymous_19)
FNDA:0,(anonymous_20)
DA:4,5
DA:5,5
DA:6,5
DA:9,5
DA:11,5
DA:13,5
DA:14,5
DA:15,5
DA:16,5
DA:19,5
DA:21,1
DA:23,1
DA:24,1
DA:27,0
DA:29,0
DA:30,0
DA:34,0
DA:36,0
DA:37,0
DA:46,0
DA:48,0
DA:50,0
DA:54,5
DA:56,2
DA:58,2
DA:59,1
DA:62,1
DA:64,1
DA:65,0
DA:68,1
DA:70,1
DA:71,0
DA:74,1
DA:84,1
DA:87,5
DA:88,4
DA:89,4
DA:91,4
DA:92,1
DA:95,3
DA:97,3
DA:98,1
DA:100,2
DA:102,2
DA:104,2
DA:105,0
DA:108,2
DA:109,1
DA:112,1
DA:114,1
DA:124,1
DA:126,1
DA:129,5
DA:130,2
DA:132,2
DA:133,1
DA:136,1
DA:138,1
DA:139,0
DA:142,1
DA:143,1
DA:146,0
DA:148,0
DA:149,0
DA:152,0
DA:154,0
DA:155,0
DA:158,0
DA:168,0
DA:170,0
DA:172,0
DA:176,5
DA:177,3
DA:179,3
DA:180,1
DA:183,2
DA:185,2
DA:186,1
DA:189,1
DA:191,1
DA:192,0
DA:195,1
DA:197,1
DA:198,0
DA:202,1
DA:206,5
DA:207,0
DA:209,0
DA:210,0
DA:213,0
DA:215,0
DA:216,0
DA:219,0
DA:220,0
DA:223,0
DA:225,0
DA:226,0
DA:229,0
DA:230,0
DA:232,0
DA:239,0
DA:249,0
DA:252,0
DA:253,0
DA:254,0
DA:255,0
DA:257,0
DA:258,0
DA:259,0
DA:262,0
DA:263,0
DA:264,0
DA:265,0
DA:266,0
DA:268,0
DA:269,0
DA:273,0
DA:275,0
DA:278,0
DA:280,0
LF:120
LH:61
BRDA:23,0,0,1
BRDA:29,1,0,0
BRDA:58,2,0,1
BRDA:64,3,0,0
BRDA:70,4,0,0
BRDA:91,5,0,1
BRDA:97,6,0,1
BRDA:104,7,0,0
BRDA:108,8,0,1
BRDA:132,9,0,1
BRDA:138,10,0,0
BRDA:142,11,0,1
BRDA:148,12,0,0
BRDA:154,13,0,0
BRDA:179,14,0,1
BRDA:185,15,0,1
BRDA:191,16,0,0
BRDA:197,17,0,0
BRDA:197,18,0,1
BRDA:197,18,1,1
BRDA:209,19,0,0
BRDA:215,20,0,0
BRDA:219,21,0,0
BRDA:225,22,0,0
BRDA:230,23,0,0
BRDA:230,23,1,0
BRDA:252,24,0,0
BRDA:252,24,1,0
BRDA:253,25,0,0
BRDA:253,25,1,0
BRDA:262,26,0,0
BRDA:262,26,1,0
BRDA:263,27,0,0
BRDA:263,27,1,0
BRDA:275,28,0,0
BRDA:275,28,1,0
BRF:36
BRH:11
end_of_record
TN:
SF:src\business\PostBusiness.ts
FN:13,(anonymous_7)
FN:19,(anonymous_8)
FN:21,(anonymous_9)
FN:40,(anonymous_10)
FN:66,(anonymous_11)
FN:66,(anonymous_12)
FN:92,(anonymous_13)
FN:94,(anonymous_14)
FN:112,resultUser
FN:113,(anonymous_16)
FN:128,(anonymous_17)
FN:128,(anonymous_18)
FN:209,(anonymous_19)
FN:211,(anonymous_20)
FN:262,(anonymous_21)
FN:264,(anonymous_22)
FN:296,(anonymous_23)
FN:298,(anonymous_24)
FNF:18
FNH:18
FNDA:6,(anonymous_7)
FNDA:2,(anonymous_8)
FNDA:2,(anonymous_9)
FNDA:2,(anonymous_10)
FNDA:2,(anonymous_11)
FNDA:2,(anonymous_12)
FNDA:2,(anonymous_13)
FNDA:6,(anonymous_14)
FNDA:2,resultUser
FNDA:8,(anonymous_16)
FNDA:4,(anonymous_17)
FNDA:4,(anonymous_18)
FNDA:2,(anonymous_19)
FNDA:2,(anonymous_20)
FNDA:3,(anonymous_21)
FNDA:3,(anonymous_22)
FNDA:3,(anonymous_23)
FNDA:3,(anonymous_24)
DA:1,6
DA:3,6
DA:5,6
DA:6,6
DA:7,6
DA:10,6
DA:12,6
DA:14,6
DA:15,6
DA:16,6
DA:19,6
DA:21,2
DA:22,2
DA:24,2
DA:25,1
DA:28,1
DA:30,1
DA:31,0
DA:35,1
DA:39,1
DA:41,2
DA:54,2
DA:59,1
DA:61,1
DA:66,6
DA:68,2
DA:69,2
DA:72,2
DA:73,1
DA:76,1
DA:78,1
DA:79,0
DA:82,1
DA:84,1
DA:86,1
DA:88,1
DA:90,1
DA:92,1
DA:94,2
DA:95,6
DA:97,2
DA:99,2
DA:113,2
DA:114,8
DA:117,2
DA:123,1
DA:128,6
DA:129,4
DA:131,4
DA:132,1
DA:135,3
DA:137,3
DA:138,1
DA:141,2
DA:142,1
DA:145,1
DA:147,1
DA:159,1
DA:161,1
DA:163,1
DA:209,6
DA:211,2
DA:212,2
DA:214,2
DA:215,1
DA:218,1
DA:220,1
DA:221,0
DA:224,1
DA:225,1
DA:228,0
DA:230,0
DA:231,0
DA:234,0
DA:236,0
DA:237,0
DA:240,0
DA:242,0
DA:254,0
DA:255,0
DA:257,0
DA:259,0
DA:262,6
DA:264,3
DA:265,3
DA:267,3
DA:268,0
DA:271,3
DA:273,3
DA:274,1
DA:277,2
DA:279,2
DA:280,1
DA:283,1
DA:285,1
DA:289,0
DA:292,1
DA:296,6
DA:298,3
DA:299,3
DA:301,3
DA:302,1
DA:305,2
DA:307,2
DA:308,0
DA:311,2
DA:312,1
DA:315,1
DA:318,1
DA:319,0
DA:322,1
DA:323,1
DA:325,1
DA:331,1
DA:343,1
DA:346,1
DA:347,1
DA:348,1
DA:349,1
DA:351,0
DA:352,0
DA:353,0
DA:356,0
DA:357,0
DA:358,0
DA:359,0
DA:360,0
DA:362,0
DA:363,0
DA:367,0
DA:369,0
DA:372,1
DA:374,1
LF:133
LH:102
BRDA:24,0,0,1
BRDA:30,1,0,0
BRDA:72,2,0,1
BRDA:78,3,0,0
BRDA:118,4,0,2
BRDA:118,4,1,0
BRDA:118,5,0,2
BRDA:118,5,1,2
BRDA:119,6,0,2
BRDA:119,6,1,0
BRDA:119,7,0,2
BRDA:119,7,1,2
BRDA:131,8,0,1
BRDA:137,9,0,1
BRDA:141,10,0,1
BRDA:214,11,0,1
BRDA:220,12,0,0
BRDA:224,13,0,1
BRDA:230,14,0,0
BRDA:236,15,0,0
BRDA:267,16,0,0
BRDA:273,17,0,1
BRDA:279,18,0,1
BRDA:285,19,0,0
BRDA:286,20,0,1
BRDA:286,20,1,0
BRDA:301,21,0,1
BRDA:307,22,0,0
BRDA:311,23,0,1
BRDA:318,24,0,0
BRDA:323,25,0,1
BRDA:323,25,1,0
BRDA:346,26,0,1
BRDA:346,26,1,0
BRDA:347,27,0,1
BRDA:347,27,1,0
BRDA:356,28,0,0
BRDA:356,28,1,0
BRDA:357,29,0,0
BRDA:357,29,1,0
BRDA:369,30,0,0
BRDA:369,30,1,0
BRF:42
BRH:21
end_of_record
TN:
SF:src\business\UserBusiness.ts
FN:12,(anonymous_7)
FN:19,(anonymous_8)
FN:19,(anonymous_9)
FN:83,(anonymous_10)
FN:83,(anonymous_11)
FN:134,(anonymous_12)
FN:134,(anonymous_13)
FN:149,(anonymous_14)
FN:166,(anonymous_15)
FN:166,(anonymous_16)
FN:225,(anonymous_17)
FN:225,(anonymous_18)
FNF:12
FNH:12
FNDA:5,(anonymous_7)
FNDA:5,(anonymous_8)
FNDA:5,(anonymous_9)
FNDA:5,(anonymous_10)
FNDA:5,(anonymous_11)
FNDA:1,(anonymous_12)
FNDA:1,(anonymous_13)
FNDA:2,(anonymous_14)
FNDA:3,(anonymous_15)
FNDA:3,(anonymous_16)
FNDA:4,(anonymous_17)
FNDA:4,(anonymous_18)
DA:3,5
DA:4,5
DA:5,5
DA:9,5
DA:11,5
DA:13,5
DA:14,5
DA:15,5
DA:16,5
DA:19,5
DA:20,5
DA:23,5
DA:24,1
DA:27,4
DA:28,1
DA:31,3
DA:32,1
DA:35,2
DA:37,2
DA:38,1
DA:41,1
DA:43,1
DA:45,1
DA:46,1
DA:48,1
DA:57,1
DA:66,1
DA:68,1
DA:74,1
DA:76,1
DA:80,1
DA:83,5
DA:84,5
DA:86,5
DA:87,1
DA:90,4
DA:91,0
DA:94,4
DA:96,4
DA:97,1
DA:100,3
DA:109,3
DA:111,3
DA:114,3
DA:115,1
DA:118,2
DA:124,2
DA:126,2
DA:130,2
DA:134,5
DA:135,1
DA:137,1
DA:138,0
DA:141,1
DA:143,1
DA:144,0
DA:147,1
DA:149,1
DA:150,2
DA:158,2
DA:161,1
DA:163,1
DA:166,5
DA:167,3
DA:169,3
DA:170,1
DA:173,2
DA:174,1
DA:181,1
DA:183,1
DA:184,0
DA:187,1
DA:188,1
DA:189,0
DA:192,1
DA:193,0
DA:194,0
DA:197,1
DA:199,1
DA:200,0
DA:203,1
DA:212,1
DA:213,0
DA:216,1
DA:217,1
DA:220,1
DA:222,1
DA:225,5
DA:226,4
DA:228,4
DA:229,0
DA:232,4
DA:234,4
DA:235,1
DA:238,3
DA:240,3
DA:241,1
DA:244,2
DA:246,2
DA:247,1
DA:250,1
DA:252,1
LF:102
LH:92
BRDA:23,0,0,1
BRDA:27,1,0,1
BRDA:31,2,0,1
BRDA:37,3,0,1
BRDA:86,4,0,1
BRDA:90,5,0,0
BRDA:96,6,0,1
BRDA:114,7,0,1
BRDA:137,8,0,0
BRDA:143,9,0,0
BRDA:169,10,0,1
BRDA:173,11,0,1
BRDA:183,12,0,0
BRDA:187,13,0,1
BRDA:188,14,0,0
BRDA:192,15,0,0
BRDA:193,16,0,0
BRDA:199,17,0,0
BRDA:212,18,0,0
BRDA:216,19,0,1
BRDA:228,20,0,0
BRDA:234,21,0,1
BRDA:240,22,0,1
BRDA:246,23,0,1
BRDA:246,24,0,2
BRDA:246,24,1,1
BRF:26
BRH:16
end_of_record
TN:
SF:src\database\BaseDatabase.ts
FN:16,(anonymous_1)
FNF:1
FNH:1
FNDA:1,(anonymous_1)
DA:1,16
DA:2,16
DA:4,16
DA:6,16
DA:7,16
DA:17,1
LF:6
LH:6
BRF:0
BRH:0
end_of_record
TN:
SF:src\database\CommentsDatabase.ts
FN:4,(anonymous_7)
FN:22,(anonymous_8)
FN:22,(anonymous_9)
FN:40,(anonymous_10)
FN:42,(anonymous_11)
FN:81,(anonymous_12)
FN:83,(anonymous_13)
FN:102,(anonymous_14)
FN:102,(anonymous_15)
FN:108,(anonymous_16)
FN:108,(anonymous_17)
FN:128,(anonymous_18)
FN:128,(anonymous_19)
FN:139,(anonymous_20)
FN:139,(anonymous_21)
FN:10,(anonymous_22)
FN:61,(anonymous_24)
FN:67,(anonymous_26)
FN:74,(anonymous_28)
FNF:19
FNH:3
FNDA:1,(anonymous_7)
FNDA:1,(anonymous_8)
FNDA:1,(anonymous_9)
FNDA:0,(anonymous_10)
FNDA:0,(anonymous_11)
FNDA:0,(anonymous_12)
FNDA:0,(anonymous_13)
FNDA:0,(anonymous_14)
FNDA:0,(anonymous_15)
FNDA:0,(anonymous_16)
FNDA:0,(anonymous_17)
FNDA:0,(anonymous_18)
FNDA:0,(anonymous_19)
FNDA:0,(anonymous_20)
FNDA:0,(anonymous_21)
FNDA:0,(anonymous_22)
FNDA:0,(anonymous_24)
FNDA:0,(anonymous_26)
FNDA:0,(anonymous_28)
DA:1,6
DA:2,6
DA:4,6
DA:6,6
DA:7,6
DA:8,6
DA:11,0
DA:16,0
DA:17,0
DA:19,0
DA:22,1
DA:23,1
DA:37,1
DA:40,1
DA:42,0
DA:43,0
DA:58,0
DA:62,0
DA:68,0
DA:75,0
DA:81,1
DA:83,0
DA:84,0
DA:99,0
DA:102,1
DA:103,0
DA:108,1
DA:109,0
DA:118,0
DA:119,0
DA:124,0
DA:128,1
DA:129,0
DA:139,1
DA:140,0
LF:35
LH:15
BRDA:118,0,0,0
BRDA:118,0,1,0
BRDA:119,1,0,0
BRDA:119,1,1,0
BRF:4
BRH:0
end_of_record
TN:
SF:src\database\UserDatabase.ts
FN:4,(anonymous_7)
FN:8,(anonymous_8)
FN:8,(anonymous_9)
FN:17,(anonymous_10)
FN:17,(anonymous_11)
FN:26,(anonymous_12)
FN:26,(anonymous_13)
FN:32,(anonymous_14)
FN:32,(anonymous_15)
FN:40,(anonymous_16)
FN:40,(anonymous_17)
FN:47,(anonymous_18)
FN:47,(anonymous_19)
FNF:13
FNH:3
FNDA:1,(anonymous_7)
FNDA:0,(anonymous_8)
FNDA:0,(anonymous_9)
FNDA:0,(anonymous_10)
FNDA:0,(anonymous_11)
FNDA:0,(anonymous_12)
FNDA:0,(anonymous_13)
FNDA:1,(anonymous_14)
FNDA:1,(anonymous_15)
FNDA:0,(anonymous_16)
FNDA:0,(anonymous_17)
FNDA:0,(anonymous_18)
FNDA:0,(anonymous_19)
DA:2,6
DA:4,6
DA:5,6
DA:8,1
DA:9,0
DA:14,0
DA:17,1
DA:18,0
DA:23,0
DA:26,1
DA:27,0
DA:32,1
DA:33,1
DA:37,1
DA:40,1
DA:41,0
DA:47,1
DA:48,0
LF:18
LH:11
BRF:0
BRH:0
end_of_record
TN:
SF:src\errors\BadRequestError.ts
FN:4,(anonymous_0)
FNF:1
FNH:1
FNDA:29,(anonymous_0)
DA:1,16
DA:3,16
DA:7,29
LF:3
LH:3
BRDA:5,0,0,0
BRF:1
BRH:0
end_of_record
TN:
SF:src\errors\BaseError.ts
FN:2,(anonymous_0)
FNF:1
FNH:1
FNDA:32,(anonymous_0)
DA:1,16
DA:3,32
DA:6,32
LF:3
LH:3
BRF:0
BRH:0
end_of_record
TN:
SF:src\errors\NotFoundError.ts
FN:4,(anonymous_0)
FNF:1
FNH:1
FNDA:3,(anonymous_0)
DA:1,16
DA:3,16
DA:7,3
LF:3
LH:3
BRDA:5,0,0,0
BRF:1
BRH:0
end_of_record
TN:
SF:src\models\CommentsModel.ts
FN:4,(anonymous_0)
FN:14,(anonymous_1)
FN:18,(anonymous_2)
FN:22,(anonymous_3)
FN:26,(anonymous_4)
FN:30,(anonymous_5)
FN:34,(anonymous_6)
FN:38,(anonymous_7)
FN:42,(anonymous_8)
FN:46,(anonymous_9)
FN:50,(anonymous_10)
FN:54,(anonymous_11)
FN:58,(anonymous_12)
FN:62,(anonymous_13)
FN:66,(anonymous_14)
FN:70,(anonymous_15)
FN:74,(anonymous_16)
FN:79,(anonymous_17)
FN:83,(anonymous_18)
FN:87,(anonymous_19)
FN:99,(anonymous_20)
FNF:21
FNH:3
FNDA:2,(anonymous_0)
FNDA:0,(anonymous_1)
FNDA:0,(anonymous_2)
FNDA:0,(anonymous_3)
FNDA:0,(anonymous_4)
FNDA:0,(anonymous_5)
FNDA:0,(anonymous_6)
FNDA:0,(anonymous_7)
FNDA:0,(anonymous_8)
FNDA:0,(anonymous_9)
FNDA:0,(anonymous_10)
FNDA:0,(anonymous_11)
FNDA:0,(anonymous_12)
FNDA:0,(anonymous_13)
FNDA:0,(anonymous_14)
FNDA:0,(anonymous_15)
FNDA:0,(anonymous_16)
FNDA:0,(anonymous_17)
FNDA:0,(anonymous_18)
FNDA:1,(anonymous_19)
FNDA:1,(anonymous_20)
DA:3,5
DA:5,2
DA:6,2
DA:7,2
DA:8,2
DA:9,2
DA:10,2
DA:11,2
DA:15,0
DA:19,0
DA:23,0
DA:27,0
DA:31,0
DA:35,0
DA:39,0
DA:43,0
DA:47,0
DA:51,0
DA:55,0
DA:59,0
DA:63,0
DA:67,0
DA:71,0
DA:75,0
DA:80,0
DA:84,0
DA:88,1
DA:100,1
LF:28
LH:10
BRF:0
BRH:0
end_of_record
TN:
SF:src\models\Post.ts
FN:5,(anonymous_0)
FN:17,(anonymous_1)
FN:21,(anonymous_2)
FN:25,(anonymous_3)
FN:29,(anonymous_4)
FN:33,(anonymous_5)
FN:37,(anonymous_6)
FN:41,(anonymous_7)
FN:45,(anonymous_8)
FN:49,(anonymous_9)
FN:53,(anonymous_10)
FN:57,(anonymous_11)
FN:61,(anonymous_12)
FN:65,(anonymous_13)
FN:69,(anonymous_14)
FN:74,(anonymous_15)
FN:78,(anonymous_16)
FN:82,(anonymous_17)
FN:86,(anonymous_18)
FN:90,(anonymous_19)
FN:94,(anonymous_20)
FN:98,(anonymous_21)
FN:102,(anonymous_22)
FN:106,(anonymous_23)
FN:119,(anonymous_24)
FNF:25
FNH:4
FNDA:4,(anonymous_0)
FNDA:0,(anonymous_1)
FNDA:0,(anonymous_2)
FNDA:0,(anonymous_3)
FNDA:0,(anonymous_4)
FNDA:0,(anonymous_5)
FNDA:0,(anonymous_6)
FNDA:0,(anonymous_7)
FNDA:1,(anonymous_8)
FNDA:0,(anonymous_9)
FNDA:0,(anonymous_10)
FNDA:0,(anonymous_11)
FNDA:0,(anonymous_12)
FNDA:0,(anonymous_13)
FNDA:0,(anonymous_14)
FNDA:0,(anonymous_15)
FNDA:0,(anonymous_16)
FNDA:0,(anonymous_17)
FNDA:0,(anonymous_18)
FNDA:0,(anonymous_19)
FNDA:0,(anonymous_20)
FNDA:0,(anonymous_21)
FNDA:0,(anonymous_22)
FNDA:2,(anonymous_23)
FNDA:2,(anonymous_24)
DA:3,6
DA:6,4
DA:7,4
DA:8,4
DA:9,4
DA:10,4
DA:11,4
DA:12,4
DA:13,4
DA:14,4
DA:18,0
DA:22,0
DA:26,0
DA:30,0
DA:34,0
DA:38,0
DA:42,0
DA:46,1
DA:50,0
DA:54,0
DA:58,0
DA:62,0
DA:66,0
DA:70,0
DA:75,0
DA:79,0
DA:83,0
DA:87,0
DA:91,0
DA:95,0
DA:99,0
DA:103,0
DA:107,2
DA:120,2
LF:34
LH:13
BRF:0
BRH:0
end_of_record
TN:
SF:src\models\User.ts
FN:4,(anonymous_0)
FN:13,(anonymous_1)
FN:17,(anonymous_2)
FN:21,(anonymous_3)
FN:25,(anonymous_4)
FN:29,(anonymous_5)
FN:33,(anonymous_6)
FN:37,(anonymous_7)
FN:41,(anonymous_8)
FN:45,(anonymous_9)
FN:49,(anonymous_10)
FN:53,(anonymous_11)
FN:57,(anonymous_12)
FN:61,(anonymous_13)
FN:72,(anonymous_14)
FNF:15
FNH:10
FNDA:7,(anonymous_0)
FNDA:4,(anonymous_1)
FNDA:0,(anonymous_2)
FNDA:4,(anonymous_3)
FNDA:0,(anonymous_4)
FNDA:1,(anonymous_5)
FNDA:1,(anonymous_6)
FNDA:4,(anonymous_7)
FNDA:0,(anonymous_8)
FNDA:4,(anonymous_9)
FNDA:0,(anonymous_10)
FNDA:1,(anonymous_11)
FNDA:0,(anonymous_12)
FNDA:1,(anonymous_13)
FNDA:2,(anonymous_14)
DA:3,5
DA:5,7
DA:6,7
DA:7,7
DA:8,7
DA:9,7
DA:10,7
DA:14,4
DA:18,0
DA:22,4
DA:26,0
DA:30,1
DA:34,1
DA:38,4
DA:42,0
DA:46,4
DA:50,0
DA:54,1
DA:58,0
DA:62,1
DA:73,2
LF:21
LH:16
BRF:0
BRH:0
end_of_record
TN:
SF:tests\mocks\database\CommentsDatabaseMock.ts
FN:5,(anonymous_7)
FN:10,(anonymous_8)
FN:10,(anonymous_9)
FN:37,(anonymous_10)
FN:37,(anonymous_11)
FN:62,(anonymous_12)
FN:62,(anonymous_13)
FN:91,(anonymous_14)
FN:91,(anonymous_15)
FN:94,(anonymous_16)
FN:94,(anonymous_17)
FN:97,(anonymous_18)
FN:97,(anonymous_19)
FN:100,(anonymous_20)
FN:100,(anonymous_21)
FN:129,(anonymous_22)
FN:129,(anonymous_23)
FN:132,(anonymous_24)
FN:132,(anonymous_25)
FN:144,(anonymous_26)
FN:144,(anonymous_27)
FN:147,(anonymous_28)
FN:147,(anonymous_29)
FNF:23
FNH:7
FNDA:5,(anonymous_7)
FNDA:2,(anonymous_8)
FNDA:2,(anonymous_9)
FNDA:0,(anonymous_10)
FNDA:0,(anonymous_11)
FNDA:0,(anonymous_12)
FNDA:0,(anonymous_13)
FNDA:1,(anonymous_14)
FNDA:1,(anonymous_15)
FNDA:0,(anonymous_16)
FNDA:0,(anonymous_17)
FNDA:1,(anonymous_18)
FNDA:1,(anonymous_19)
FNDA:0,(anonymous_20)
FNDA:0,(anonymous_21)
FNDA:0,(anonymous_22)
FNDA:0,(anonymous_23)
FNDA:0,(anonymous_24)
FNDA:0,(anonymous_25)
FNDA:0,(anonymous_26)
FNDA:0,(anonymous_27)
FNDA:0,(anonymous_28)
FNDA:0,(anonymous_29)
DA:1,5
DA:2,5
DA:5,5
DA:6,5
DA:7,5
DA:8,5
DA:10,5
DA:11,2
DA:13,1
DA:23,1
DA:33,0
DA:37,5
DA:38,0
DA:62,5
DA:63,0
DA:65,0
DA:76,0
DA:87,0
DA:91,5
DA:94,5
DA:97,5
DA:100,5
DA:101,0
DA:103,0
DA:114,0
DA:125,0
DA:129,5
DA:132,5
DA:134,0
DA:135,0
DA:140,0
DA:144,5
DA:147,5
LF:33
LH:20
BRDA:11,0,0,1
BRDA:11,0,1,1
BRDA:11,0,2,0
BRDA:63,1,0,0
BRDA:63,1,1,0
BRDA:63,1,2,0
BRDA:101,2,0,0
BRDA:101,2,1,0
BRDA:101,2,2,0
BRDA:134,3,0,0
BRDA:134,3,1,0
BRDA:135,4,0,0
BRDA:135,4,1,0
BRF:13
BRH:2
end_of_record
TN:
SF:tests\mocks\database\PostDatabaseMock.ts
FN:4,(anonymous_7)
FN:7,(anonymous_8)
FN:7,(anonymous_9)
FN:34,(anonymous_10)
FN:34,(anonymous_11)
FN:67,(anonymous_12)
FN:67,(anonymous_13)
FN:92,(anonymous_14)
FN:92,(anonymous_15)
FN:121,(anonymous_16)
FN:121,(anonymous_17)
FN:124,(anonymous_18)
FN:124,(anonymous_19)
FN:127,(anonymous_20)
FN:127,(anonymous_21)
FN:130,(anonymous_22)
FN:130,(anonymous_23)
FN:161,(anonymous_24)
FN:161,(anonymous_25)
FN:164,(anonymous_26)
FN:164,(anonymous_27)
FN:176,(anonymous_28)
FN:176,(anonymous_29)
FN:179,(anonymous_30)
FN:179,(anonymous_31)
FNF:25
FNH:19
FNDA:11,(anonymous_7)
FNDA:1,(anonymous_8)
FNDA:1,(anonymous_9)
FNDA:0,(anonymous_10)
FNDA:0,(anonymous_11)
FNDA:1,(anonymous_12)
FNDA:1,(anonymous_13)
FNDA:4,(anonymous_14)
FNDA:4,(anonymous_15)
FNDA:1,(anonymous_16)
FNDA:1,(anonymous_17)
FNDA:1,(anonymous_18)
FNDA:1,(anonymous_19)
FNDA:1,(anonymous_20)
FNDA:1,(anonymous_21)
FNDA:1,(anonymous_22)
FNDA:1,(anonymous_23)
FNDA:0,(anonymous_24)
FNDA:0,(anonymous_25)
FNDA:1,(anonymous_26)
FNDA:1,(anonymous_27)
FNDA:1,(anonymous_28)
FNDA:1,(anonymous_29)
FNDA:0,(anonymous_30)
FNDA:0,(anonymous_31)
DA:1,11
DA:2,11
DA:4,11
DA:5,11
DA:7,11
DA:8,1
DA:34,11
DA:35,0
DA:67,11
DA:68,1
DA:92,11
DA:93,4
DA:95,2
DA:106,1
DA:117,1
DA:121,11
DA:124,11
DA:127,11
DA:130,11
DA:131,1
DA:133,1
DA:145,0
DA:157,0
DA:161,11
DA:164,11
DA:166,1
DA:167,1
DA:172,0
DA:176,11
DA:179,11
LF:30
LH:26
BRDA:93,0,0,2
BRDA:93,0,1,1
BRDA:93,0,2,1
BRDA:131,1,0,1
BRDA:131,1,1,0
BRDA:131,1,2,0
BRDA:166,2,0,1
BRDA:166,2,1,0
BRDA:167,3,0,1
BRDA:167,3,1,0
BRF:10
BRH:6
end_of_record
TN:
SF:tests\mocks\database\UserDatabaseMock.ts
FN:5,(anonymous_7)
FN:8,(anonymous_8)
FN:8,(anonymous_9)
FN:29,(anonymous_10)
FN:29,(anonymous_11)
FN:54,(anonymous_12)
FN:54,(anonymous_13)
FN:79,(anonymous_14)
FN:79,(anonymous_15)
FN:82,(anonymous_16)
FN:82,(anonymous_17)
FN:85,(anonymous_18)
FN:85,(anonymous_19)
FNF:13
FNH:13
FNDA:5,(anonymous_7)
FNDA:1,(anonymous_8)
FNDA:1,(anonymous_9)
FNDA:4,(anonymous_10)
FNDA:4,(anonymous_11)
FNDA:6,(anonymous_12)
FNDA:6,(anonymous_13)
FNDA:1,(anonymous_14)
FNDA:1,(anonymous_15)
FNDA:1,(anonymous_16)
FNDA:1,(anonymous_17)
FNDA:1,(anonymous_18)
FNDA:1,(anonymous_19)
DA:1,5
DA:2,5
DA:5,5
DA:6,5
DA:8,5
DA:9,1
DA:29,5
DA:30,4
DA:32,2
DA:41,1
DA:50,1
DA:54,6
DA:55,6
DA:57,2
DA:66,2
DA:75,2
DA:79,5
DA:82,5
DA:85,5
LF:19
LH:19
BRDA:30,0,0,2
BRDA:30,0,1,1
BRDA:30,0,2,1
BRDA:55,1,0,2
BRDA:55,1,1,2
BRDA:55,1,2,2
BRF:6
BRH:6
end_of_record
TN:
SF:tests\mocks\service\HashManagerMock.ts
FN:1,(anonymous_7)
FN:2,(anonymous_8)
FN:2,(anonymous_9)
FN:10,(anonymous_10)
FN:10,(anonymous_11)
FNF:5
FNH:5
FNDA:5,(anonymous_7)
FNDA:1,(anonymous_8)
FNDA:1,(anonymous_9)
FNDA:3,(anonymous_10)
FNDA:3,(anonymous_11)
DA:1,5
DA:2,5
DA:3,1
DA:4,1
DA:7,0
DA:10,5
DA:11,3
DA:12,2
DA:15,1
LF:9
LH:8
BRDA:3,0,0,1
BRDA:11,1,0,2
BRDA:11,2,0,3
BRDA:11,2,1,2
BRF:4
BRH:4
end_of_record
TN:
SF:tests\mocks\service\TokenManagerMock.ts
FN:4,(anonymous_0)
FN:6,(anonymous_1)
FN:14,(anonymous_2)
FNF:3
FNH:3
FNDA:16,(anonymous_0)
FNDA:3,(anonymous_1)
FNDA:24,(anonymous_2)
DA:1,16
DA:4,16
DA:6,16
DA:7,3
DA:8,2
DA:10,1
DA:14,16
DA:15,24
DA:16,15
DA:22,9
DA:23,4
DA:30,5
LF:12
LH:12
BRDA:7,0,0,2
BRDA:7,0,1,1
BRDA:15,1,0,15
BRDA:15,1,1,9
BRDA:22,2,0,4
BRDA:22,2,1,5
BRF:6
BRH:6
end_of_record
TN:
SF:tests\mocks\service\idGeneratorMock.ts
FN:2,(anonymous_0)
FNF:1
FNH:1
FNDA:3,(anonymous_0)
DA:1,16
DA:3,3
LF:2
LH:2
BRF:0
BRH:0
end_of_record
